This file contains any messages produced by compilers while
running configure, to aid debugging if configure makes a mistake.

It was created by bmminer configure 1.0.0, which was
generated by GNU Autoconf 2.69.  Invocation command line was

  $ ./configure --host=arm-angstrom-linux-gnueabi --build=i686-pc-linux-gnu --target=arm-angstrom-linux-gnueabi CC=arm-angstrom-linux-gnueabi-gcc --enable-static --enable-bitmain-L3 --disable-adl --disable-opencl --disable-libcurl

## --------- ##
## Platform. ##
## --------- ##

hostname = MiWiFi-R1D-srv
uname -m = i686
uname -r = 4.2.0-42-generic
uname -s = Linux
uname -v = #49~14.04.1-Ubuntu SMP Wed Jun 29 20:22:18 UTC 2016

/usr/bin/uname -p = unknown
/bin/uname -X     = unknown

/bin/arch              = unknown
/usr/bin/arch -k       = unknown
/usr/convex/getsysinfo = unknown
/usr/bin/hostinfo      = unknown
/bin/machine           = unknown
/usr/bin/oslevel       = unknown
/bin/universe          = unknown

PATH: /home/shengxiao/shengxiao/bitmain/antminer_firmware/build/tmp-angstrom_v2013_06-eglibc/sysroots/i686-linux/usr/bin/armv7ahf-vfp-neon-angstrom-linux-gnueabi
PATH: /usr/local/sbin
PATH: /usr/local/bin
PATH: /usr/sbin
PATH: /usr/bin
PATH: /sbin
PATH: /bin
PATH: /usr/games
PATH: /usr/local/games


## ----------- ##
## Core tests. ##
## ----------- ##

configure:2910: checking build system type
configure:2924: result: i686-pc-linux-gnu
configure:2944: checking host system type
configure:2957: result: arm-angstrom-linux-gnueabi
configure:2977: checking target system type
configure:2990: result: arm-angstrom-linux-gnueabi
configure:3038: checking for a BSD-compatible install
configure:3106: result: /usr/bin/install -c
configure:3117: checking whether build environment is sane
configure:3172: result: yes
configure:3231: checking for arm-angstrom-linux-gnueabi-strip
configure:3247: found /home/shengxiao/shengxiao/bitmain/antminer_firmware/build/tmp-angstrom_v2013_06-eglibc/sysroots/i686-linux/usr/bin/armv7ahf-vfp-neon-angstrom-linux-gnueabi/arm-angstrom-linux-gnueabi-strip
configure:3258: result: arm-angstrom-linux-gnueabi-strip
configure:3323: checking for a thread-safe mkdir -p
configure:3362: result: /bin/mkdir -p
configure:3370: checking for gawk
configure:3386: found /usr/bin/gawk
configure:3397: result: gawk
configure:3408: checking whether make sets $(MAKE)
configure:3430: result: yes
configure:3459: checking whether make supports nested variables
configure:3476: result: yes
configure:3612: checking whether make supports nested variables
configure:3629: result: yes
configure:3652: checking for style of include used by make
configure:3680: result: GNU
configure:3711: checking for arm-angstrom-linux-gnueabi-gcc
configure:3738: result: arm-angstrom-linux-gnueabi-gcc
configure:4007: checking for C compiler version
configure:4016: arm-angstrom-linux-gnueabi-gcc --version >&5
arm-angstrom-linux-gnueabi-gcc (Linaro GCC 4.7-2013.07) 4.7.4 20130626 (prerelease)
Copyright (C) 2012 Free Software Foundation, Inc.
This is free software; see the source for copying conditions.  There is NO
warranty; not even for MERCHANTABILITY or FITNESS FOR A PARTICULAR PURPOSE.

configure:4027: $? = 0
configure:4016: arm-angstrom-linux-gnueabi-gcc -v >&5
Using built-in specs.
COLLECT_GCC=arm-angstrom-linux-gnueabi-gcc
COLLECT_LTO_WRAPPER=/home/shengxiao/shengxiao/bitmain/antminer_firmware/build/tmp-angstrom_v2013_06-eglibc/sysroots/i686-linux/usr/libexec/armv7ahf-vfp-neon-angstrom-linux-gnueabi/gcc/arm-angstrom-linux-gnueabi/4.7.4/lto-wrapper
Target: arm-angstrom-linux-gnueabi
Configured with: /home/shengxiao/shengxiao/bitmain/antminer_firmware/build/tmp-angstrom_v2013_06-eglibc/work-shared/gcc-linaro-4.7-r2013.07/gcc-linaro-4.7-2013.07/configure --build=i686-linux --host=i686-linux --target=arm-angstrom-linux-gnueabi --prefix=/home/shengxiao/shengxiao/bitmain/antminer_firmware/build/tmp-angstrom_v2013_06-eglibc/sysroots/i686-linux/usr --exec_prefix=/home/shengxiao/shengxiao/bitmain/antminer_firmware/build/tmp-angstrom_v2013_06-eglibc/sysroots/i686-linux/usr --bindir=/home/shengxiao/shengxiao/bitmain/antminer_firmware/build/tmp-angstrom_v2013_06-eglibc/sysroots/i686-linux/usr/bin/armv7ahf-vfp-neon-angstrom-linux-gnueabi --sbindir=/home/shengxiao/shengxiao/bitmain/antminer_firmware/build/tmp-angstrom_v2013_06-eglibc/sysroots/i686-linux/usr/bin/armv7ahf-vfp-neon-angstrom-linux-gnueabi --libexecdir=/home/shengxiao/shengxiao/bitmain/antminer_firmware/build/tmp-angstrom_v2013_06-eglibc/sysroots/i686-linux/usr/libexec/armv7ahf-vfp-neon-angstrom-linux-gnueabi --datadir=/home/shengxiao/shengxiao/bitmain/antminer_firmware/build/tmp-angstrom_v2013_06-eglibc/sysroots/i686-linux/usr/share --sysconfdir=/home/shengxiao/shengxiao/bitmain/antminer_firmware/build/tmp-angstrom_v2013_06-eglibc/sysroots/i686-linux/etc --sharedstatedir=/home/shengxiao/shengxiao/bitmain/antminer_firmware/build/tmp-angstrom_v2013_06-eglibc/sysroots/i686-linux/com --localstatedir=/home/shengxiao/shengxiao/bitmain/antminer_firmware/build/tmp-angstrom_v2013_06-eglibc/sysroots/i686-linux/var --libdir=/home/shengxiao/shengxiao/bitmain/antminer_firmware/build/tmp-angstrom_v2013_06-eglibc/sysroots/i686-linux/usr/lib/armv7ahf-vfp-neon-angstrom-linux-gnueabi --includedir=/home/shengxiao/shengxiao/bitmain/antminer_firmware/build/tmp-angstrom_v2013_06-eglibc/sysroots/i686-linux/usr/include --oldincludedir=/home/shengxiao/shengxiao/bitmain/antminer_firmware/build/tmp-angstrom_v2013_06-eglibc/sysroots/i686-linux/usr/include --infodir=/home/shengxiao/shengxiao/bitmain/antminer_firmware/build/tmp-angstrom_v2013_06-eglibc/sysroots/i686-linux/usr/share/info --mandir=/home/shengxiao/shengxiao/bitmain/antminer_firmware/build/tmp-angstrom_v2013_06-eglibc/sysroots/i686-linux/usr/share/man --disable-silent-rules --disable-dependency-tracking --with-libtool-sysroot=/home/shengxiao/shengxiao/bitmain/antminer_firmware/build/tmp-angstrom_v2013_06-eglibc/sysroots/i686-linux --with-gnu-ld --enable-shared --enable-languages=c,c++ --enable-threads=posix --disable-multilib --enable-c99 --enable-long-long --enable-symvers=gnu --enable-libstdcxx-pch --program-prefix=arm-angstrom-linux-gnueabi- --without-local-prefix --enable-target-optspace --enable-lto --enable-libssp --disable-bootstrap --disable-libmudflap --with-system-zlib --with-linker-hash-style=gnu --enable-linker-build-id --with-ppl=no --with-cloog=no --enable-checking=release --enable-cheaders=c_global --with-float=hard --with-gxx-include-dir=/home/shengxiao/shengxiao/bitmain/antminer_firmware/build/tmp-angstrom_v2013_06-eglibc/sysroots/beaglebone/usr/include/c++ --with-sysroot=/home/shengxiao/shengxiao/bitmain/antminer_firmware/build/tmp-angstrom_v2013_06-eglibc/sysroots/beaglebone --with-build-sysroot=/home/shengxiao/shengxiao/bitmain/antminer_firmware/build/tmp-angstrom_v2013_06-eglibc/sysroots/beaglebone --enable-poison-system-directories --disable-libunwind-exceptions --with-mpfr=/home/shengxiao/shengxiao/bitmain/antminer_firmware/build/tmp-angstrom_v2013_06-eglibc/sysroots/i686-linux/usr --with-system-zlib --disable-nls
Thread model: posix
gcc version 4.7.4 20130626 (prerelease) (Linaro GCC 4.7-2013.07) 
configure:4027: $? = 0
configure:4016: arm-angstrom-linux-gnueabi-gcc -V >&5
arm-angstrom-linux-gnueabi-gcc: error: unrecognized command line option '-V'
arm-angstrom-linux-gnueabi-gcc: fatal error: no input files
compilation terminated.
configure:4027: $? = 1
configure:4016: arm-angstrom-linux-gnueabi-gcc -qversion >&5
arm-angstrom-linux-gnueabi-gcc: error: unrecognized command line option '-qversion'
arm-angstrom-linux-gnueabi-gcc: fatal error: no input files
compilation terminated.
configure:4027: $? = 1
configure:4047: checking whether the C compiler works
configure:4069: arm-angstrom-linux-gnueabi-gcc    conftest.c  >&5
configure:4073: $? = 0
configure:4121: result: yes
configure:4124: checking for C compiler default output file name
configure:4126: result: a.out
configure:4132: checking for suffix of executables
configure:4139: arm-angstrom-linux-gnueabi-gcc -o conftest    conftest.c  >&5
configure:4143: $? = 0
configure:4165: result: 
configure:4187: checking whether we are cross compiling
configure:4225: result: yes
configure:4230: checking for suffix of object files
configure:4252: arm-angstrom-linux-gnueabi-gcc -c   conftest.c >&5
configure:4256: $? = 0
configure:4277: result: o
configure:4281: checking whether we are using the GNU C compiler
configure:4300: arm-angstrom-linux-gnueabi-gcc -c   conftest.c >&5
configure:4300: $? = 0
configure:4309: result: yes
configure:4318: checking whether arm-angstrom-linux-gnueabi-gcc accepts -g
configure:4338: arm-angstrom-linux-gnueabi-gcc -c -g  conftest.c >&5
configure:4338: $? = 0
configure:4379: result: yes
configure:4396: checking for arm-angstrom-linux-gnueabi-gcc option to accept ISO C89
configure:4459: arm-angstrom-linux-gnueabi-gcc  -c -g -O2  conftest.c >&5
configure:4459: $? = 0
configure:4472: result: none needed
configure:4497: checking whether arm-angstrom-linux-gnueabi-gcc understands -c and -o together
configure:4519: arm-angstrom-linux-gnueabi-gcc -c conftest.c -o conftest2.o
configure:4522: $? = 0
configure:4519: arm-angstrom-linux-gnueabi-gcc -c conftest.c -o conftest2.o
configure:4522: $? = 0
configure:4534: result: yes
configure:4553: checking dependency style of arm-angstrom-linux-gnueabi-gcc
configure:4664: result: gcc3
configure:4685: checking how to run the C preprocessor
configure:4716: arm-angstrom-linux-gnueabi-gcc -E  conftest.c
configure:4716: $? = 0
configure:4730: arm-angstrom-linux-gnueabi-gcc -E  conftest.c
conftest.c:11:28: fatal error: ac_nonexistent.h: No such file or directory
compilation terminated.
configure:4730: $? = 1
configure: failed program was:
| /* confdefs.h */
| #define PACKAGE_NAME "bmminer"
| #define PACKAGE_TARNAME "bmminer"
| #define PACKAGE_VERSION "1.0.0"
| #define PACKAGE_STRING "bmminer 1.0.0"
| #define PACKAGE_BUGREPORT "support@bitmain.com"
| #define PACKAGE_URL ""
| #define PACKAGE "bmminer"
| #define VERSION "1.0.0"
| /* end confdefs.h.  */
| #include <ac_nonexistent.h>
configure:4755: result: arm-angstrom-linux-gnueabi-gcc -E
configure:4775: arm-angstrom-linux-gnueabi-gcc -E  conftest.c
configure:4775: $? = 0
configure:4789: arm-angstrom-linux-gnueabi-gcc -E  conftest.c
conftest.c:11:28: fatal error: ac_nonexistent.h: No such file or directory
compilation terminated.
configure:4789: $? = 1
configure: failed program was:
| /* confdefs.h */
| #define PACKAGE_NAME "bmminer"
| #define PACKAGE_TARNAME "bmminer"
| #define PACKAGE_VERSION "1.0.0"
| #define PACKAGE_STRING "bmminer 1.0.0"
| #define PACKAGE_BUGREPORT "support@bitmain.com"
| #define PACKAGE_URL ""
| #define PACKAGE "bmminer"
| #define VERSION "1.0.0"
| /* end confdefs.h.  */
| #include <ac_nonexistent.h>
configure:4818: checking for grep that handles long lines and -e
configure:4876: result: /bin/grep
configure:4881: checking for egrep
configure:4943: result: /bin/grep -E
configure:4948: checking for ANSI C header files
configure:4968: arm-angstrom-linux-gnueabi-gcc -c -g -O2  conftest.c >&5
configure:4968: $? = 0
configure:5052: result: yes
configure:5065: checking for sys/types.h
configure:5065: arm-angstrom-linux-gnueabi-gcc -c -g -O2  conftest.c >&5
configure:5065: $? = 0
configure:5065: result: yes
configure:5065: checking for sys/stat.h
configure:5065: arm-angstrom-linux-gnueabi-gcc -c -g -O2  conftest.c >&5
configure:5065: $? = 0
configure:5065: result: yes
configure:5065: checking for stdlib.h
configure:5065: arm-angstrom-linux-gnueabi-gcc -c -g -O2  conftest.c >&5
configure:5065: $? = 0
configure:5065: result: yes
configure:5065: checking for string.h
configure:5065: arm-angstrom-linux-gnueabi-gcc -c -g -O2  conftest.c >&5
configure:5065: $? = 0
configure:5065: result: yes
configure:5065: checking for memory.h
configure:5065: arm-angstrom-linux-gnueabi-gcc -c -g -O2  conftest.c >&5
configure:5065: $? = 0
configure:5065: result: yes
configure:5065: checking for strings.h
configure:5065: arm-angstrom-linux-gnueabi-gcc -c -g -O2  conftest.c >&5
configure:5065: $? = 0
configure:5065: result: yes
configure:5065: checking for inttypes.h
configure:5065: arm-angstrom-linux-gnueabi-gcc -c -g -O2  conftest.c >&5
configure:5065: $? = 0
configure:5065: result: yes
configure:5065: checking for stdint.h
configure:5065: arm-angstrom-linux-gnueabi-gcc -c -g -O2  conftest.c >&5
configure:5065: $? = 0
configure:5065: result: yes
configure:5065: checking for unistd.h
configure:5065: arm-angstrom-linux-gnueabi-gcc -c -g -O2  conftest.c >&5
configure:5065: $? = 0
configure:5065: result: yes
configure:5080: checking minix/config.h usability
configure:5080: arm-angstrom-linux-gnueabi-gcc -c -g -O2  conftest.c >&5
conftest.c:54:26: fatal error: minix/config.h: No such file or directory
compilation terminated.
configure:5080: $? = 1
configure: failed program was:
| /* confdefs.h */
| #define PACKAGE_NAME "bmminer"
| #define PACKAGE_TARNAME "bmminer"
| #define PACKAGE_VERSION "1.0.0"
| #define PACKAGE_STRING "bmminer 1.0.0"
| #define PACKAGE_BUGREPORT "support@bitmain.com"
| #define PACKAGE_URL ""
| #define PACKAGE "bmminer"
| #define VERSION "1.0.0"
| #define STDC_HEADERS 1
| #define HAVE_SYS_TYPES_H 1
| #define HAVE_SYS_STAT_H 1
| #define HAVE_STDLIB_H 1
| #define HAVE_STRING_H 1
| #define HAVE_MEMORY_H 1
| #define HAVE_STRINGS_H 1
| #define HAVE_INTTYPES_H 1
| #define HAVE_STDINT_H 1
| #define HAVE_UNISTD_H 1
| /* end confdefs.h.  */
| #include <stdio.h>
| #ifdef HAVE_SYS_TYPES_H
| # include <sys/types.h>
| #endif
| #ifdef HAVE_SYS_STAT_H
| # include <sys/stat.h>
| #endif
| #ifdef STDC_HEADERS
| # include <stdlib.h>
| # include <stddef.h>
| #else
| # ifdef HAVE_STDLIB_H
| #  include <stdlib.h>
| # endif
| #endif
| #ifdef HAVE_STRING_H
| # if !defined STDC_HEADERS && defined HAVE_MEMORY_H
| #  include <memory.h>
| # endif
| # include <string.h>
| #endif
| #ifdef HAVE_STRINGS_H
| # include <strings.h>
| #endif
| #ifdef HAVE_INTTYPES_H
| # include <inttypes.h>
| #endif
| #ifdef HAVE_STDINT_H
| # include <stdint.h>
| #endif
| #ifdef HAVE_UNISTD_H
| # include <unistd.h>
| #endif
| #include <minix/config.h>
configure:5080: result: no
configure:5080: checking minix/config.h presence
configure:5080: arm-angstrom-linux-gnueabi-gcc -E  conftest.c
conftest.c:21:26: fatal error: minix/config.h: No such file or directory
compilation terminated.
configure:5080: $? = 1
configure: failed program was:
| /* confdefs.h */
| #define PACKAGE_NAME "bmminer"
| #define PACKAGE_TARNAME "bmminer"
| #define PACKAGE_VERSION "1.0.0"
| #define PACKAGE_STRING "bmminer 1.0.0"
| #define PACKAGE_BUGREPORT "support@bitmain.com"
| #define PACKAGE_URL ""
| #define PACKAGE "bmminer"
| #define VERSION "1.0.0"
| #define STDC_HEADERS 1
| #define HAVE_SYS_TYPES_H 1
| #define HAVE_SYS_STAT_H 1
| #define HAVE_STDLIB_H 1
| #define HAVE_STRING_H 1
| #define HAVE_MEMORY_H 1
| #define HAVE_STRINGS_H 1
| #define HAVE_INTTYPES_H 1
| #define HAVE_STDINT_H 1
| #define HAVE_UNISTD_H 1
| /* end confdefs.h.  */
| #include <minix/config.h>
configure:5080: result: no
configure:5080: checking for minix/config.h
configure:5080: result: no
configure:5109: checking whether it is safe to define __EXTENSIONS__
configure:5127: arm-angstrom-linux-gnueabi-gcc -c -g -O2  conftest.c >&5
configure:5127: $? = 0
configure:5134: result: yes
configure:5181: checking whether to enable maintainer-specific portions of Makefiles
configure:5190: result: no
configure:5212: checking for arm-angstrom-linux-gnueabi-gcc
configure:5239: result: arm-angstrom-linux-gnueabi-gcc
configure:5508: checking for C compiler version
configure:5517: arm-angstrom-linux-gnueabi-gcc --version >&5
arm-angstrom-linux-gnueabi-gcc (Linaro GCC 4.7-2013.07) 4.7.4 20130626 (prerelease)
Copyright (C) 2012 Free Software Foundation, Inc.
This is free software; see the source for copying conditions.  There is NO
warranty; not even for MERCHANTABILITY or FITNESS FOR A PARTICULAR PURPOSE.

configure:5528: $? = 0
configure:5517: arm-angstrom-linux-gnueabi-gcc -v >&5
Using built-in specs.
COLLECT_GCC=arm-angstrom-linux-gnueabi-gcc
COLLECT_LTO_WRAPPER=/home/shengxiao/shengxiao/bitmain/antminer_firmware/build/tmp-angstrom_v2013_06-eglibc/sysroots/i686-linux/usr/libexec/armv7ahf-vfp-neon-angstrom-linux-gnueabi/gcc/arm-angstrom-linux-gnueabi/4.7.4/lto-wrapper
Target: arm-angstrom-linux-gnueabi
Configured with: /home/shengxiao/shengxiao/bitmain/antminer_firmware/build/tmp-angstrom_v2013_06-eglibc/work-shared/gcc-linaro-4.7-r2013.07/gcc-linaro-4.7-2013.07/configure --build=i686-linux --host=i686-linux --target=arm-angstrom-linux-gnueabi --prefix=/home/shengxiao/shengxiao/bitmain/antminer_firmware/build/tmp-angstrom_v2013_06-eglibc/sysroots/i686-linux/usr --exec_prefix=/home/shengxiao/shengxiao/bitmain/antminer_firmware/build/tmp-angstrom_v2013_06-eglibc/sysroots/i686-linux/usr --bindir=/home/shengxiao/shengxiao/bitmain/antminer_firmware/build/tmp-angstrom_v2013_06-eglibc/sysroots/i686-linux/usr/bin/armv7ahf-vfp-neon-angstrom-linux-gnueabi --sbindir=/home/shengxiao/shengxiao/bitmain/antminer_firmware/build/tmp-angstrom_v2013_06-eglibc/sysroots/i686-linux/usr/bin/armv7ahf-vfp-neon-angstrom-linux-gnueabi --libexecdir=/home/shengxiao/shengxiao/bitmain/antminer_firmware/build/tmp-angstrom_v2013_06-eglibc/sysroots/i686-linux/usr/libexec/armv7ahf-vfp-neon-angstrom-linux-gnueabi --datadir=/home/shengxiao/shengxiao/bitmain/antminer_firmware/build/tmp-angstrom_v2013_06-eglibc/sysroots/i686-linux/usr/share --sysconfdir=/home/shengxiao/shengxiao/bitmain/antminer_firmware/build/tmp-angstrom_v2013_06-eglibc/sysroots/i686-linux/etc --sharedstatedir=/home/shengxiao/shengxiao/bitmain/antminer_firmware/build/tmp-angstrom_v2013_06-eglibc/sysroots/i686-linux/com --localstatedir=/home/shengxiao/shengxiao/bitmain/antminer_firmware/build/tmp-angstrom_v2013_06-eglibc/sysroots/i686-linux/var --libdir=/home/shengxiao/shengxiao/bitmain/antminer_firmware/build/tmp-angstrom_v2013_06-eglibc/sysroots/i686-linux/usr/lib/armv7ahf-vfp-neon-angstrom-linux-gnueabi --includedir=/home/shengxiao/shengxiao/bitmain/antminer_firmware/build/tmp-angstrom_v2013_06-eglibc/sysroots/i686-linux/usr/include --oldincludedir=/home/shengxiao/shengxiao/bitmain/antminer_firmware/build/tmp-angstrom_v2013_06-eglibc/sysroots/i686-linux/usr/include --infodir=/home/shengxiao/shengxiao/bitmain/antminer_firmware/build/tmp-angstrom_v2013_06-eglibc/sysroots/i686-linux/usr/share/info --mandir=/home/shengxiao/shengxiao/bitmain/antminer_firmware/build/tmp-angstrom_v2013_06-eglibc/sysroots/i686-linux/usr/share/man --disable-silent-rules --disable-dependency-tracking --with-libtool-sysroot=/home/shengxiao/shengxiao/bitmain/antminer_firmware/build/tmp-angstrom_v2013_06-eglibc/sysroots/i686-linux --with-gnu-ld --enable-shared --enable-languages=c,c++ --enable-threads=posix --disable-multilib --enable-c99 --enable-long-long --enable-symvers=gnu --enable-libstdcxx-pch --program-prefix=arm-angstrom-linux-gnueabi- --without-local-prefix --enable-target-optspace --enable-lto --enable-libssp --disable-bootstrap --disable-libmudflap --with-system-zlib --with-linker-hash-style=gnu --enable-linker-build-id --with-ppl=no --with-cloog=no --enable-checking=release --enable-cheaders=c_global --with-float=hard --with-gxx-include-dir=/home/shengxiao/shengxiao/bitmain/antminer_firmware/build/tmp-angstrom_v2013_06-eglibc/sysroots/beaglebone/usr/include/c++ --with-sysroot=/home/shengxiao/shengxiao/bitmain/antminer_firmware/build/tmp-angstrom_v2013_06-eglibc/sysroots/beaglebone --with-build-sysroot=/home/shengxiao/shengxiao/bitmain/antminer_firmware/build/tmp-angstrom_v2013_06-eglibc/sysroots/beaglebone --enable-poison-system-directories --disable-libunwind-exceptions --with-mpfr=/home/shengxiao/shengxiao/bitmain/antminer_firmware/build/tmp-angstrom_v2013_06-eglibc/sysroots/i686-linux/usr --with-system-zlib --disable-nls
Thread model: posix
gcc version 4.7.4 20130626 (prerelease) (Linaro GCC 4.7-2013.07) 
configure:5528: $? = 0
configure:5517: arm-angstrom-linux-gnueabi-gcc -V >&5
arm-angstrom-linux-gnueabi-gcc: error: unrecognized command line option '-V'
arm-angstrom-linux-gnueabi-gcc: fatal error: no input files
compilation terminated.
configure:5528: $? = 1
configure:5517: arm-angstrom-linux-gnueabi-gcc -qversion >&5
arm-angstrom-linux-gnueabi-gcc: error: unrecognized command line option '-qversion'
arm-angstrom-linux-gnueabi-gcc: fatal error: no input files
compilation terminated.
configure:5528: $? = 1
configure:5532: checking whether we are using the GNU C compiler
configure:5560: result: yes
configure:5569: checking whether arm-angstrom-linux-gnueabi-gcc accepts -g
configure:5630: result: yes
configure:5647: checking for arm-angstrom-linux-gnueabi-gcc option to accept ISO C89
configure:5723: result: none needed
configure:5748: checking whether arm-angstrom-linux-gnueabi-gcc understands -c and -o together
configure:5785: result: yes
configure:5804: checking dependency style of arm-angstrom-linux-gnueabi-gcc
configure:5915: result: gcc3
configure:5933: checking for arm-angstrom-linux-gnueabi-ranlib
configure:5949: found /home/shengxiao/shengxiao/bitmain/antminer_firmware/build/tmp-angstrom_v2013_06-eglibc/sysroots/i686-linux/usr/bin/armv7ahf-vfp-neon-angstrom-linux-gnueabi/arm-angstrom-linux-gnueabi-ranlib
configure:5960: result: arm-angstrom-linux-gnueabi-ranlib
configure:6048: checking whether arm-angstrom-linux-gnueabi-gcc needs -traditional
configure:6082: result: no
configure:6136: checking how to print strings
configure:6163: result: printf
configure:6184: checking for a sed that does not truncate output
configure:6248: result: /bin/sed
configure:6266: checking for fgrep
configure:6328: result: /bin/grep -F
configure:6363: checking for ld used by arm-angstrom-linux-gnueabi-gcc
configure:6430: result: /home/shengxiao/shengxiao/bitmain/antminer_firmware/build/tmp-angstrom_v2013_06-eglibc/sysroots/i686-linux/usr/libexec/armv7ahf-vfp-neon-angstrom-linux-gnueabi/gcc/arm-angstrom-linux-gnueabi/4.7.4/ld
configure:6437: checking if the linker (/home/shengxiao/shengxiao/bitmain/antminer_firmware/build/tmp-angstrom_v2013_06-eglibc/sysroots/i686-linux/usr/libexec/armv7ahf-vfp-neon-angstrom-linux-gnueabi/gcc/arm-angstrom-linux-gnueabi/4.7.4/ld) is GNU ld
configure:6452: result: yes
configure:6464: checking for BSD- or MS-compatible name lister (nm)
configure:6513: result: /home/shengxiao/shengxiao/bitmain/antminer_firmware/build/tmp-angstrom_v2013_06-eglibc/sysroots/i686-linux/usr/bin/armv7ahf-vfp-neon-angstrom-linux-gnueabi/arm-angstrom-linux-gnueabi-nm -B
configure:6643: checking the name lister (/home/shengxiao/shengxiao/bitmain/antminer_firmware/build/tmp-angstrom_v2013_06-eglibc/sysroots/i686-linux/usr/bin/armv7ahf-vfp-neon-angstrom-linux-gnueabi/arm-angstrom-linux-gnueabi-nm -B) interface
configure:6650: arm-angstrom-linux-gnueabi-gcc -c -g -O2  conftest.c >&5
configure:6653: /home/shengxiao/shengxiao/bitmain/antminer_firmware/build/tmp-angstrom_v2013_06-eglibc/sysroots/i686-linux/usr/bin/armv7ahf-vfp-neon-angstrom-linux-gnueabi/arm-angstrom-linux-gnueabi-nm -B "conftest.o"
configure:6656: output
00000000 B some_variable
configure:6663: result: BSD nm
configure:6666: checking whether ln -s works
configure:6670: result: yes
configure:6678: checking the maximum length of command line arguments
configure:6809: result: 1572864
configure:6826: checking whether the shell understands some XSI constructs
configure:6836: result: yes
configure:6840: checking whether the shell understands "+="
configure:6846: result: yes
configure:6881: checking how to convert i686-pc-linux-gnu file names to arm-angstrom-linux-gnueabi format
configure:6921: result: func_convert_file_noop
configure:6928: checking how to convert i686-pc-linux-gnu file names to toolchain format
configure:6948: result: func_convert_file_noop
configure:6955: checking for /home/shengxiao/shengxiao/bitmain/antminer_firmware/build/tmp-angstrom_v2013_06-eglibc/sysroots/i686-linux/usr/libexec/armv7ahf-vfp-neon-angstrom-linux-gnueabi/gcc/arm-angstrom-linux-gnueabi/4.7.4/ld option to reload object files
configure:6962: result: -r
configure:6996: checking for arm-angstrom-linux-gnueabi-objdump
configure:7012: found /home/shengxiao/shengxiao/bitmain/antminer_firmware/build/tmp-angstrom_v2013_06-eglibc/sysroots/i686-linux/usr/bin/armv7ahf-vfp-neon-angstrom-linux-gnueabi/arm-angstrom-linux-gnueabi-objdump
configure:7023: result: arm-angstrom-linux-gnueabi-objdump
configure:7095: checking how to recognize dependent libraries
configure:7293: result: pass_all
configure:7338: checking for arm-angstrom-linux-gnueabi-dlltool
configure:7368: result: no
configure:7378: checking for dlltool
configure:7408: result: no
configure:7438: checking how to associate runtime and link libraries
configure:7465: result: printf %s\n
configure:7481: checking for arm-angstrom-linux-gnueabi-ar
configure:7497: found /home/shengxiao/shengxiao/bitmain/antminer_firmware/build/tmp-angstrom_v2013_06-eglibc/sysroots/i686-linux/usr/bin/armv7ahf-vfp-neon-angstrom-linux-gnueabi/arm-angstrom-linux-gnueabi-ar
configure:7508: result: arm-angstrom-linux-gnueabi-ar
configure:7589: checking for archiver @FILE support
configure:7606: arm-angstrom-linux-gnueabi-gcc -c -g -O2  conftest.c >&5
configure:7606: $? = 0
configure:7609: arm-angstrom-linux-gnueabi-ar cru libconftest.a @conftest.lst >&5
configure:7612: $? = 0
configure:7617: arm-angstrom-linux-gnueabi-ar cru libconftest.a @conftest.lst >&5
arm-angstrom-linux-gnueabi-ar: conftest.o: No such file or directory
configure:7620: $? = 1
configure:7632: result: @
configure:7650: checking for arm-angstrom-linux-gnueabi-strip
configure:7677: result: arm-angstrom-linux-gnueabi-strip
configure:7749: checking for arm-angstrom-linux-gnueabi-ranlib
configure:7776: result: arm-angstrom-linux-gnueabi-ranlib
configure:7918: checking command to parse /home/shengxiao/shengxiao/bitmain/antminer_firmware/build/tmp-angstrom_v2013_06-eglibc/sysroots/i686-linux/usr/bin/armv7ahf-vfp-neon-angstrom-linux-gnueabi/arm-angstrom-linux-gnueabi-nm -B output from arm-angstrom-linux-gnueabi-gcc object
configure:8038: arm-angstrom-linux-gnueabi-gcc -c -g -O2  conftest.c >&5
configure:8041: $? = 0
configure:8045: /home/shengxiao/shengxiao/bitmain/antminer_firmware/build/tmp-angstrom_v2013_06-eglibc/sysroots/i686-linux/usr/bin/armv7ahf-vfp-neon-angstrom-linux-gnueabi/arm-angstrom-linux-gnueabi-nm -B conftest.o \| sed -n -e 's/^.*[ ]\([ABCDGIRSTW][ABCDGIRSTW]*\)[ ][ ]*\([_A-Za-z][_A-Za-z0-9]*\)$/\1 \2 \2/p' | sed '/ __gnu_lto/d' \> conftest.nm
configure:8048: $? = 0
configure:8114: arm-angstrom-linux-gnueabi-gcc -o conftest -g -O2   conftest.c conftstm.o >&5
configure:8117: $? = 0
configure:8155: result: ok
configure:8192: checking for sysroot
configure:8222: result: no
configure:8451: checking for arm-angstrom-linux-gnueabi-mt
configure:8481: result: no
configure:8491: checking for mt
configure:8507: found /bin/mt
configure:8518: result: mt
configure:8530: WARNING: using cross tools not prefixed with host triplet
configure:8541: checking if mt is a manifest tool
configure:8547: mt '-?'
configure:8555: result: no
configure:9194: checking for dlfcn.h
configure:9194: arm-angstrom-linux-gnueabi-gcc -c -g -O2  conftest.c >&5
configure:9194: $? = 0
configure:9194: result: yes
configure:9399: checking for objdir
configure:9414: result: .libs
configure:9685: checking if arm-angstrom-linux-gnueabi-gcc supports -fno-rtti -fno-exceptions
configure:9703: arm-angstrom-linux-gnueabi-gcc -c -g -O2  -fno-rtti -fno-exceptions conftest.c >&5
cc1: warning: command line option '-fno-rtti' is valid for C++/ObjC++ but not for C [enabled by default]
configure:9707: $? = 0
configure:9720: result: no
configure:10047: checking for arm-angstrom-linux-gnueabi-gcc option to produce PIC
configure:10054: result: -fPIC -DPIC
configure:10062: checking if arm-angstrom-linux-gnueabi-gcc PIC flag -fPIC -DPIC works
configure:10080: arm-angstrom-linux-gnueabi-gcc -c -g -O2  -fPIC -DPIC -DPIC conftest.c >&5
configure:10084: $? = 0
configure:10097: result: yes
configure:10126: checking if arm-angstrom-linux-gnueabi-gcc static flag -static works
configure:10154: result: yes
configure:10169: checking if arm-angstrom-linux-gnueabi-gcc supports -c -o file.o
configure:10190: arm-angstrom-linux-gnueabi-gcc -c -g -O2  -o out/conftest2.o conftest.c >&5
configure:10194: $? = 0
configure:10216: result: yes
configure:10224: checking if arm-angstrom-linux-gnueabi-gcc supports -c -o file.o
configure:10271: result: yes
configure:10304: checking whether the arm-angstrom-linux-gnueabi-gcc linker (/home/shengxiao/shengxiao/bitmain/antminer_firmware/build/tmp-angstrom_v2013_06-eglibc/sysroots/i686-linux/usr/libexec/armv7ahf-vfp-neon-angstrom-linux-gnueabi/gcc/arm-angstrom-linux-gnueabi/4.7.4/ld) supports shared libraries
configure:11461: result: yes
configure:11701: checking dynamic linker characteristics
configure:12201: arm-angstrom-linux-gnueabi-gcc -o conftest -g -O2   -Wl,-rpath -Wl,/foo conftest.c  >&5
configure:12201: $? = 0
configure:12435: result: GNU/Linux ld.so
configure:12542: checking how to hardcode library paths into programs
configure:12567: result: immediate
configure:13107: checking whether stripping libraries is possible
configure:13112: result: yes
configure:13147: checking if libtool supports shared libraries
configure:13149: result: yes
configure:13152: checking whether to build shared libraries
configure:13173: result: no
configure:13176: checking whether to build static libraries
configure:13180: result: yes
configure:13232: checking sys/mman.h usability
configure:13232: arm-angstrom-linux-gnueabi-gcc -c -g -O2  conftest.c >&5
configure:13232: $? = 0
configure:13232: result: yes
configure:13232: checking sys/mman.h presence
configure:13232: arm-angstrom-linux-gnueabi-gcc -E  conftest.c
configure:13232: $? = 0
configure:13232: result: yes
configure:13232: checking for sys/mman.h
configure:13232: result: yes
configure:13232: checking wchar.h usability
configure:13232: arm-angstrom-linux-gnueabi-gcc -c -g -O2  conftest.c >&5
configure:13232: $? = 0
configure:13232: result: yes
configure:13232: checking wchar.h presence
configure:13232: arm-angstrom-linux-gnueabi-gcc -E  conftest.c
configure:13232: $? = 0
configure:13232: result: yes
configure:13232: checking for wchar.h
configure:13232: result: yes
configure:13232: checking for stdint.h
configure:13232: result: yes
configure:13253: checking for mprotect
configure:13253: arm-angstrom-linux-gnueabi-gcc -o conftest -g -O2   conftest.c  >&5
configure:13253: $? = 0
configure:13253: result: yes
configure:13253: checking for sigaction
configure:13253: arm-angstrom-linux-gnueabi-gcc -o conftest -g -O2   conftest.c  >&5
configure:13253: $? = 0
configure:13253: result: yes
configure:13253: checking for sigaltstack
configure:13253: arm-angstrom-linux-gnueabi-gcc -o conftest -g -O2   conftest.c  >&5
configure:13253: $? = 0
configure:13253: result: yes
configure:13253: checking for siginterrupt
configure:13253: arm-angstrom-linux-gnueabi-gcc -o conftest -g -O2   conftest.c  >&5
configure:13253: $? = 0
configure:13253: result: yes
configure:13344: checking for mmap
configure:13344: arm-angstrom-linux-gnueabi-gcc -o conftest -g -O2   conftest.c  >&5
configure:13344: $? = 0
configure:13344: result: yes
configure:13355: checking for MAP_ANONYMOUS
configure:13392: result: yes
configure:13426: checking whether memchr works
configure:13499: result: guessing no
configure:13507: checking whether memmem is declared
configure:13507: arm-angstrom-linux-gnueabi-gcc -c -g -O2  conftest.c >&5
configure:13507: $? = 0
configure:13507: result: yes
configure:13525: checking for memmem
configure:13525: arm-angstrom-linux-gnueabi-gcc -o conftest -g -O2   conftest.c  >&5
configure:13525: $? = 0
configure:13525: result: yes
configure:13549: checking whether memmem works
configure:13624: result: yes
configure:13642: arm-angstrom-linux-gnueabi-gcc -c -g -O2  conftest.c >&5
conftest.c:42:10: error: unknown type name 'not'
conftest.c:42:16: error: expected '=', ',', ';', 'asm' or '__attribute__' before 'universal'
conftest.c:42:16: error: unknown type name 'universal'
configure:13642: $? = 1
configure: failed program was:
| /* confdefs.h */
| #define PACKAGE_NAME "bmminer"
| #define PACKAGE_TARNAME "bmminer"
| #define PACKAGE_VERSION "1.0.0"
| #define PACKAGE_STRING "bmminer 1.0.0"
| #define PACKAGE_BUGREPORT "support@bitmain.com"
| #define PACKAGE_URL ""
| #define PACKAGE "bmminer"
| #define VERSION "1.0.0"
| #define STDC_HEADERS 1
| #define HAVE_SYS_TYPES_H 1
| #define HAVE_SYS_STAT_H 1
| #define HAVE_STDLIB_H 1
| #define HAVE_STRING_H 1
| #define HAVE_MEMORY_H 1
| #define HAVE_STRINGS_H 1
| #define HAVE_INTTYPES_H 1
| #define HAVE_STDINT_H 1
| #define HAVE_UNISTD_H 1
| #define __EXTENSIONS__ 1
| #define _ALL_SOURCE 1
| #define _GNU_SOURCE 1
| #define _POSIX_PTHREAD_SEMANTICS 1
| #define _TANDEM_SOURCE 1
| #define CGMINER_MAJOR_VERSION 1
| #define CGMINER_MINOR_VERSION 0
| #define CGMINER_MINOR_SUBVERSION 0
| #define HAVE_DLFCN_H 1
| #define LT_OBJDIR ".libs/"
| #define HAVE_SYS_MMAN_H 1
| #define HAVE_WCHAR_H 1
| #define HAVE_STDINT_H 1
| #define HAVE_MPROTECT 1
| #define HAVE_SIGACTION 1
| #define HAVE_SIGALTSTACK 1
| #define HAVE_SIGINTERRUPT 1
| #define HAVE_MAP_ANONYMOUS 1
| #define HAVE_DECL_MEMMEM 1
| #define HAVE_MEMMEM 1
| /* end confdefs.h.  */
| #ifndef __APPLE_CC__
|          not a universal capable compiler
|         #endif
|         typedef int dummy;
| 
configure:13693: checking for C/C++ restrict keyword
configure:13718: arm-angstrom-linux-gnueabi-gcc -c -g -O2  conftest.c >&5
configure:13718: $? = 0
configure:13726: result: __restrict
configure:13739: checking for uid_t in sys/types.h
configure:13758: result: yes
configure:13769: checking for inline
configure:13785: arm-angstrom-linux-gnueabi-gcc -c -g -O2  conftest.c >&5
configure:13785: $? = 0
configure:13793: result: inline
configure:13826: checking whether the preprocessor supports include_next
configure:13864: arm-angstrom-linux-gnueabi-gcc -c -g -O2  -Iconftestd1b -Iconftestd2 conftest.c >&5
configure:13864: $? = 0
configure:13885: result: yes
configure:13906: checking whether system header files limit the line length
configure:13929: result: no
configure:13943: checking for wchar_t
configure:13960: arm-angstrom-linux-gnueabi-gcc -c -g -O2  conftest.c >&5
configure:13960: $? = 0
configure:13967: result: yes
configure:13976: checking for unsigned long long int
configure:14015: arm-angstrom-linux-gnueabi-gcc -o conftest -g -O2   conftest.c  >&5
configure:14015: $? = 0
configure:14024: result: yes
configure:14034: checking for long long int
configure:14084: result: yes
configure:14221: checking whether stdint.h conforms to C99
configure:14392: arm-angstrom-linux-gnueabi-gcc -c -g -O2  conftest.c >&5
configure:14392: $? = 0
configure:14486: result: yes
configure:14885: checking whether memmem is declared without a macro
configure:14903: arm-angstrom-linux-gnueabi-gcc -c -g -O2  conftest.c >&5
configure:14903: $? = 0
configure:14911: result: yes
configure:14885: checking whether mempcpy is declared without a macro
configure:14903: arm-angstrom-linux-gnueabi-gcc -c -g -O2  conftest.c >&5
configure:14903: $? = 0
configure:14911: result: yes
configure:14885: checking whether memrchr is declared without a macro
configure:14903: arm-angstrom-linux-gnueabi-gcc -c -g -O2  conftest.c >&5
configure:14903: $? = 0
configure:14911: result: yes
configure:14885: checking whether rawmemchr is declared without a macro
configure:14903: arm-angstrom-linux-gnueabi-gcc -c -g -O2  conftest.c >&5
configure:14903: $? = 0
configure:14911: result: yes
configure:14885: checking whether stpcpy is declared without a macro
configure:14903: arm-angstrom-linux-gnueabi-gcc -c -g -O2  conftest.c >&5
configure:14903: $? = 0
configure:14911: result: yes
configure:14885: checking whether stpncpy is declared without a macro
configure:14903: arm-angstrom-linux-gnueabi-gcc -c -g -O2  conftest.c >&5
configure:14903: $? = 0
configure:14911: result: yes
configure:14885: checking whether strchrnul is declared without a macro
configure:14903: arm-angstrom-linux-gnueabi-gcc -c -g -O2  conftest.c >&5
configure:14903: $? = 0
configure:14911: result: yes
configure:14885: checking whether strdup is declared without a macro
configure:14903: arm-angstrom-linux-gnueabi-gcc -c -g -O2  conftest.c >&5
configure:14903: $? = 0
configure:14911: result: yes
configure:14885: checking whether strncat is declared without a macro
configure:14903: arm-angstrom-linux-gnueabi-gcc -c -g -O2  conftest.c >&5
configure:14903: $? = 0
configure:14911: result: yes
configure:14885: checking whether strndup is declared without a macro
configure:14903: arm-angstrom-linux-gnueabi-gcc -c -g -O2  conftest.c >&5
configure:14903: $? = 0
configure:14911: result: yes
configure:14885: checking whether strnlen is declared without a macro
configure:14903: arm-angstrom-linux-gnueabi-gcc -c -g -O2  conftest.c >&5
configure:14903: $? = 0
configure:14911: result: yes
configure:14885: checking whether strpbrk is declared without a macro
configure:14903: arm-angstrom-linux-gnueabi-gcc -c -g -O2  conftest.c >&5
configure:14903: $? = 0
configure:14911: result: yes
configure:14885: checking whether strsep is declared without a macro
configure:14903: arm-angstrom-linux-gnueabi-gcc -c -g -O2  conftest.c >&5
configure:14903: $? = 0
configure:14911: result: yes
configure:14885: checking whether strcasestr is declared without a macro
configure:14903: arm-angstrom-linux-gnueabi-gcc -c -g -O2  conftest.c >&5
configure:14903: $? = 0
configure:14911: result: yes
configure:14885: checking whether strtok_r is declared without a macro
configure:14903: arm-angstrom-linux-gnueabi-gcc -c -g -O2  conftest.c >&5
configure:14903: $? = 0
configure:14911: result: yes
configure:14885: checking whether strerror_r is declared without a macro
configure:14903: arm-angstrom-linux-gnueabi-gcc -c -g -O2  conftest.c >&5
configure:14903: $? = 0
configure:14911: result: yes
configure:14885: checking whether strsignal is declared without a macro
configure:14903: arm-angstrom-linux-gnueabi-gcc -c -g -O2  conftest.c >&5
configure:14903: $? = 0
configure:14911: result: yes
configure:14885: checking whether strverscmp is declared without a macro
configure:14903: arm-angstrom-linux-gnueabi-gcc -c -g -O2  conftest.c >&5
configure:14903: $? = 0
configure:14911: result: yes
configure:14961: checking bp-sym.h usability
configure:14961: arm-angstrom-linux-gnueabi-gcc -c -g -O2  conftest.c >&5
conftest.c:96:20: fatal error: bp-sym.h: No such file or directory
compilation terminated.
configure:14961: $? = 1
configure: failed program was:
| /* confdefs.h */
| #define PACKAGE_NAME "bmminer"
| #define PACKAGE_TARNAME "bmminer"
| #define PACKAGE_VERSION "1.0.0"
| #define PACKAGE_STRING "bmminer 1.0.0"
| #define PACKAGE_BUGREPORT "support@bitmain.com"
| #define PACKAGE_URL ""
| #define PACKAGE "bmminer"
| #define VERSION "1.0.0"
| #define STDC_HEADERS 1
| #define HAVE_SYS_TYPES_H 1
| #define HAVE_SYS_STAT_H 1
| #define HAVE_STDLIB_H 1
| #define HAVE_STRING_H 1
| #define HAVE_MEMORY_H 1
| #define HAVE_STRINGS_H 1
| #define HAVE_INTTYPES_H 1
| #define HAVE_STDINT_H 1
| #define HAVE_UNISTD_H 1
| #define __EXTENSIONS__ 1
| #define _ALL_SOURCE 1
| #define _GNU_SOURCE 1
| #define _POSIX_PTHREAD_SEMANTICS 1
| #define _TANDEM_SOURCE 1
| #define CGMINER_MAJOR_VERSION 1
| #define CGMINER_MINOR_VERSION 0
| #define CGMINER_MINOR_SUBVERSION 0
| #define HAVE_DLFCN_H 1
| #define LT_OBJDIR ".libs/"
| #define HAVE_SYS_MMAN_H 1
| #define HAVE_WCHAR_H 1
| #define HAVE_STDINT_H 1
| #define HAVE_MPROTECT 1
| #define HAVE_SIGACTION 1
| #define HAVE_SIGALTSTACK 1
| #define HAVE_SIGINTERRUPT 1
| #define HAVE_MAP_ANONYMOUS 1
| #define HAVE_DECL_MEMMEM 1
| #define HAVE_MEMMEM 1
| #define restrict __restrict
| #define HAVE_WCHAR_T 1
| #define HAVE_UNSIGNED_LONG_LONG_INT 1
| #define HAVE_LONG_LONG_INT 1
| #define HAVE_RAW_DECL_MEMMEM 1
| #define HAVE_RAW_DECL_MEMPCPY 1
| #define HAVE_RAW_DECL_MEMRCHR 1
| #define HAVE_RAW_DECL_RAWMEMCHR 1
| #define HAVE_RAW_DECL_STPCPY 1
| #define HAVE_RAW_DECL_STPNCPY 1
| #define HAVE_RAW_DECL_STRCHRNUL 1
| #define HAVE_RAW_DECL_STRDUP 1
| #define HAVE_RAW_DECL_STRNCAT 1
| #define HAVE_RAW_DECL_STRNDUP 1
| #define HAVE_RAW_DECL_STRNLEN 1
| #define HAVE_RAW_DECL_STRPBRK 1
| #define HAVE_RAW_DECL_STRSEP 1
| #define HAVE_RAW_DECL_STRCASESTR 1
| #define HAVE_RAW_DECL_STRTOK_R 1
| #define HAVE_RAW_DECL_STRERROR_R 1
| #define HAVE_RAW_DECL_STRSIGNAL 1
| #define HAVE_RAW_DECL_STRVERSCMP 1
| /* end confdefs.h.  */
| #include <stdio.h>
| #ifdef HAVE_SYS_TYPES_H
| # include <sys/types.h>
| #endif
| #ifdef HAVE_SYS_STAT_H
| # include <sys/stat.h>
| #endif
| #ifdef STDC_HEADERS
| # include <stdlib.h>
| # include <stddef.h>
| #else
| # ifdef HAVE_STDLIB_H
| #  include <stdlib.h>
| # endif
| #endif
| #ifdef HAVE_STRING_H
| # if !defined STDC_HEADERS && defined HAVE_MEMORY_H
| #  include <memory.h>
| # endif
| # include <string.h>
| #endif
| #ifdef HAVE_STRINGS_H
| # include <strings.h>
| #endif
| #ifdef HAVE_INTTYPES_H
| # include <inttypes.h>
| #endif
| #ifdef HAVE_STDINT_H
| # include <stdint.h>
| #endif
| #ifdef HAVE_UNISTD_H
| # include <unistd.h>
| #endif
| #include <bp-sym.h>
configure:14961: result: no
configure:14961: checking bp-sym.h presence
configure:14961: arm-angstrom-linux-gnueabi-gcc -E  conftest.c
conftest.c:63:20: fatal error: bp-sym.h: No such file or directory
compilation terminated.
configure:14961: $? = 1
configure: failed program was:
| /* confdefs.h */
| #define PACKAGE_NAME "bmminer"
| #define PACKAGE_TARNAME "bmminer"
| #define PACKAGE_VERSION "1.0.0"
| #define PACKAGE_STRING "bmminer 1.0.0"
| #define PACKAGE_BUGREPORT "support@bitmain.com"
| #define PACKAGE_URL ""
| #define PACKAGE "bmminer"
| #define VERSION "1.0.0"
| #define STDC_HEADERS 1
| #define HAVE_SYS_TYPES_H 1
| #define HAVE_SYS_STAT_H 1
| #define HAVE_STDLIB_H 1
| #define HAVE_STRING_H 1
| #define HAVE_MEMORY_H 1
| #define HAVE_STRINGS_H 1
| #define HAVE_INTTYPES_H 1
| #define HAVE_STDINT_H 1
| #define HAVE_UNISTD_H 1
| #define __EXTENSIONS__ 1
| #define _ALL_SOURCE 1
| #define _GNU_SOURCE 1
| #define _POSIX_PTHREAD_SEMANTICS 1
| #define _TANDEM_SOURCE 1
| #define CGMINER_MAJOR_VERSION 1
| #define CGMINER_MINOR_VERSION 0
| #define CGMINER_MINOR_SUBVERSION 0
| #define HAVE_DLFCN_H 1
| #define LT_OBJDIR ".libs/"
| #define HAVE_SYS_MMAN_H 1
| #define HAVE_WCHAR_H 1
| #define HAVE_STDINT_H 1
| #define HAVE_MPROTECT 1
| #define HAVE_SIGACTION 1
| #define HAVE_SIGALTSTACK 1
| #define HAVE_SIGINTERRUPT 1
| #define HAVE_MAP_ANONYMOUS 1
| #define HAVE_DECL_MEMMEM 1
| #define HAVE_MEMMEM 1
| #define restrict __restrict
| #define HAVE_WCHAR_T 1
| #define HAVE_UNSIGNED_LONG_LONG_INT 1
| #define HAVE_LONG_LONG_INT 1
| #define HAVE_RAW_DECL_MEMMEM 1
| #define HAVE_RAW_DECL_MEMPCPY 1
| #define HAVE_RAW_DECL_MEMRCHR 1
| #define HAVE_RAW_DECL_RAWMEMCHR 1
| #define HAVE_RAW_DECL_STPCPY 1
| #define HAVE_RAW_DECL_STPNCPY 1
| #define HAVE_RAW_DECL_STRCHRNUL 1
| #define HAVE_RAW_DECL_STRDUP 1
| #define HAVE_RAW_DECL_STRNCAT 1
| #define HAVE_RAW_DECL_STRNDUP 1
| #define HAVE_RAW_DECL_STRNLEN 1
| #define HAVE_RAW_DECL_STRPBRK 1
| #define HAVE_RAW_DECL_STRSEP 1
| #define HAVE_RAW_DECL_STRCASESTR 1
| #define HAVE_RAW_DECL_STRTOK_R 1
| #define HAVE_RAW_DECL_STRERROR_R 1
| #define HAVE_RAW_DECL_STRSIGNAL 1
| #define HAVE_RAW_DECL_STRVERSCMP 1
| /* end confdefs.h.  */
| #include <bp-sym.h>
configure:14961: result: no
configure:14961: checking for bp-sym.h
configure:14961: result: no
configure:14991: checking whether memmem works in linear time
configure:15073: result: yes
configure:15098: checking for memmem
configure:15098: result: yes
configure:15122: checking whether memmem works
configure:15197: result: yes
configure:15243: checking for struct sigaction.sa_sigaction
configure:15243: arm-angstrom-linux-gnueabi-gcc -c -g -O2  conftest.c >&5
configure:15243: $? = 0
configure:15243: result: yes
configure:15378: checking for volatile sig_atomic_t
configure:15378: arm-angstrom-linux-gnueabi-gcc -c -g -O2  conftest.c >&5
configure:15378: $? = 0
configure:15378: arm-angstrom-linux-gnueabi-gcc -c -g -O2  conftest.c >&5
conftest.c: In function 'main':
conftest.c:75:36: error: expected expression before ')' token
configure:15378: $? = 1
configure: failed program was:
| /* confdefs.h */
| #define PACKAGE_NAME "bmminer"
| #define PACKAGE_TARNAME "bmminer"
| #define PACKAGE_VERSION "1.0.0"
| #define PACKAGE_STRING "bmminer 1.0.0"
| #define PACKAGE_BUGREPORT "support@bitmain.com"
| #define PACKAGE_URL ""
| #define PACKAGE "bmminer"
| #define VERSION "1.0.0"
| #define STDC_HEADERS 1
| #define HAVE_SYS_TYPES_H 1
| #define HAVE_SYS_STAT_H 1
| #define HAVE_STDLIB_H 1
| #define HAVE_STRING_H 1
| #define HAVE_MEMORY_H 1
| #define HAVE_STRINGS_H 1
| #define HAVE_INTTYPES_H 1
| #define HAVE_STDINT_H 1
| #define HAVE_UNISTD_H 1
| #define __EXTENSIONS__ 1
| #define _ALL_SOURCE 1
| #define _GNU_SOURCE 1
| #define _POSIX_PTHREAD_SEMANTICS 1
| #define _TANDEM_SOURCE 1
| #define CGMINER_MAJOR_VERSION 1
| #define CGMINER_MINOR_VERSION 0
| #define CGMINER_MINOR_SUBVERSION 0
| #define HAVE_DLFCN_H 1
| #define LT_OBJDIR ".libs/"
| #define HAVE_SYS_MMAN_H 1
| #define HAVE_WCHAR_H 1
| #define HAVE_STDINT_H 1
| #define HAVE_MPROTECT 1
| #define HAVE_SIGACTION 1
| #define HAVE_SIGALTSTACK 1
| #define HAVE_SIGINTERRUPT 1
| #define HAVE_MAP_ANONYMOUS 1
| #define HAVE_DECL_MEMMEM 1
| #define HAVE_MEMMEM 1
| #define restrict __restrict
| #define HAVE_WCHAR_T 1
| #define HAVE_UNSIGNED_LONG_LONG_INT 1
| #define HAVE_LONG_LONG_INT 1
| #define HAVE_RAW_DECL_MEMMEM 1
| #define HAVE_RAW_DECL_MEMPCPY 1
| #define HAVE_RAW_DECL_MEMRCHR 1
| #define HAVE_RAW_DECL_RAWMEMCHR 1
| #define HAVE_RAW_DECL_STPCPY 1
| #define HAVE_RAW_DECL_STPNCPY 1
| #define HAVE_RAW_DECL_STRCHRNUL 1
| #define HAVE_RAW_DECL_STRDUP 1
| #define HAVE_RAW_DECL_STRNCAT 1
| #define HAVE_RAW_DECL_STRNDUP 1
| #define HAVE_RAW_DECL_STRNLEN 1
| #define HAVE_RAW_DECL_STRPBRK 1
| #define HAVE_RAW_DECL_STRSEP 1
| #define HAVE_RAW_DECL_STRCASESTR 1
| #define HAVE_RAW_DECL_STRTOK_R 1
| #define HAVE_RAW_DECL_STRERROR_R 1
| #define HAVE_RAW_DECL_STRSIGNAL 1
| #define HAVE_RAW_DECL_STRVERSCMP 1
| #define GNULIB_TEST_MEMCHR 1
| #define HAVE_MEMMEM 1
| #define GNULIB_TEST_MEMMEM 1
| #define HAVE_STRUCT_SIGACTION_SA_SIGACTION 1
| #define GNULIB_TEST_SIGACTION 1
| /* end confdefs.h.  */
| 
| #include <signal.h>
| 
| 
| int
| main ()
| {
| if (sizeof ((volatile sig_atomic_t)))
| 	    return 0;
|   ;
|   return 0;
| }
configure:15378: result: yes
configure:15392: checking for sighandler_t
configure:15392: arm-angstrom-linux-gnueabi-gcc -c -g -O2  conftest.c >&5
configure:15392: $? = 0
configure:15392: arm-angstrom-linux-gnueabi-gcc -c -g -O2  conftest.c >&5
conftest.c: In function 'main':
conftest.c:75:27: error: expected expression before ')' token
configure:15392: $? = 1
configure: failed program was:
| /* confdefs.h */
| #define PACKAGE_NAME "bmminer"
| #define PACKAGE_TARNAME "bmminer"
| #define PACKAGE_VERSION "1.0.0"
| #define PACKAGE_STRING "bmminer 1.0.0"
| #define PACKAGE_BUGREPORT "support@bitmain.com"
| #define PACKAGE_URL ""
| #define PACKAGE "bmminer"
| #define VERSION "1.0.0"
| #define STDC_HEADERS 1
| #define HAVE_SYS_TYPES_H 1
| #define HAVE_SYS_STAT_H 1
| #define HAVE_STDLIB_H 1
| #define HAVE_STRING_H 1
| #define HAVE_MEMORY_H 1
| #define HAVE_STRINGS_H 1
| #define HAVE_INTTYPES_H 1
| #define HAVE_STDINT_H 1
| #define HAVE_UNISTD_H 1
| #define __EXTENSIONS__ 1
| #define _ALL_SOURCE 1
| #define _GNU_SOURCE 1
| #define _POSIX_PTHREAD_SEMANTICS 1
| #define _TANDEM_SOURCE 1
| #define CGMINER_MAJOR_VERSION 1
| #define CGMINER_MINOR_VERSION 0
| #define CGMINER_MINOR_SUBVERSION 0
| #define HAVE_DLFCN_H 1
| #define LT_OBJDIR ".libs/"
| #define HAVE_SYS_MMAN_H 1
| #define HAVE_WCHAR_H 1
| #define HAVE_STDINT_H 1
| #define HAVE_MPROTECT 1
| #define HAVE_SIGACTION 1
| #define HAVE_SIGALTSTACK 1
| #define HAVE_SIGINTERRUPT 1
| #define HAVE_MAP_ANONYMOUS 1
| #define HAVE_DECL_MEMMEM 1
| #define HAVE_MEMMEM 1
| #define restrict __restrict
| #define HAVE_WCHAR_T 1
| #define HAVE_UNSIGNED_LONG_LONG_INT 1
| #define HAVE_LONG_LONG_INT 1
| #define HAVE_RAW_DECL_MEMMEM 1
| #define HAVE_RAW_DECL_MEMPCPY 1
| #define HAVE_RAW_DECL_MEMRCHR 1
| #define HAVE_RAW_DECL_RAWMEMCHR 1
| #define HAVE_RAW_DECL_STPCPY 1
| #define HAVE_RAW_DECL_STPNCPY 1
| #define HAVE_RAW_DECL_STRCHRNUL 1
| #define HAVE_RAW_DECL_STRDUP 1
| #define HAVE_RAW_DECL_STRNCAT 1
| #define HAVE_RAW_DECL_STRNDUP 1
| #define HAVE_RAW_DECL_STRNLEN 1
| #define HAVE_RAW_DECL_STRPBRK 1
| #define HAVE_RAW_DECL_STRSEP 1
| #define HAVE_RAW_DECL_STRCASESTR 1
| #define HAVE_RAW_DECL_STRTOK_R 1
| #define HAVE_RAW_DECL_STRERROR_R 1
| #define HAVE_RAW_DECL_STRSIGNAL 1
| #define HAVE_RAW_DECL_STRVERSCMP 1
| #define GNULIB_TEST_MEMCHR 1
| #define HAVE_MEMMEM 1
| #define GNULIB_TEST_MEMMEM 1
| #define HAVE_STRUCT_SIGACTION_SA_SIGACTION 1
| #define GNULIB_TEST_SIGACTION 1
| /* end confdefs.h.  */
| 
| #include <signal.h>
| 
| 
| int
| main ()
| {
| if (sizeof ((sighandler_t)))
| 	    return 0;
|   ;
|   return 0;
| }
configure:15392: result: yes
configure:15406: checking whether sigaction is declared without a macro
configure:15424: arm-angstrom-linux-gnueabi-gcc -c -g -O2  conftest.c >&5
configure:15424: $? = 0
configure:15432: result: yes
configure:15406: checking whether sigaddset is declared without a macro
configure:15424: arm-angstrom-linux-gnueabi-gcc -c -g -O2  conftest.c >&5
configure:15424: $? = 0
configure:15432: result: yes
configure:15406: checking whether sigdelset is declared without a macro
configure:15424: arm-angstrom-linux-gnueabi-gcc -c -g -O2  conftest.c >&5
configure:15424: $? = 0
configure:15432: result: yes
configure:15406: checking whether sigemptyset is declared without a macro
configure:15424: arm-angstrom-linux-gnueabi-gcc -c -g -O2  conftest.c >&5
configure:15424: $? = 0
configure:15432: result: yes
configure:15406: checking whether sigfillset is declared without a macro
configure:15424: arm-angstrom-linux-gnueabi-gcc -c -g -O2  conftest.c >&5
configure:15424: $? = 0
configure:15432: result: yes
configure:15406: checking whether sigismember is declared without a macro
configure:15424: arm-angstrom-linux-gnueabi-gcc -c -g -O2  conftest.c >&5
configure:15424: $? = 0
configure:15432: result: yes
configure:15406: checking whether sigpending is declared without a macro
configure:15424: arm-angstrom-linux-gnueabi-gcc -c -g -O2  conftest.c >&5
configure:15424: $? = 0
configure:15432: result: yes
configure:15406: checking whether sigprocmask is declared without a macro
configure:15424: arm-angstrom-linux-gnueabi-gcc -c -g -O2  conftest.c >&5
configure:15424: $? = 0
configure:15432: result: yes
configure:15461: checking for sigprocmask
configure:15461: arm-angstrom-linux-gnueabi-gcc -o conftest -g -O2   conftest.c  >&5
configure:15461: $? = 0
configure:15461: result: yes
configure:15528: checking whether NULL can be used in arbitrary expressions
configure:15546: arm-angstrom-linux-gnueabi-gcc -c -g -O2  conftest.c >&5
configure:15546: $? = 0
configure:15553: result: yes
configure:15668: checking for ANSI C header files
configure:15772: result: yes
configure:15782: checking syslog.h usability
configure:15782: arm-angstrom-linux-gnueabi-gcc -c -g -O2  conftest.c >&5
configure:15782: $? = 0
configure:15782: result: yes
configure:15782: checking syslog.h presence
configure:15782: arm-angstrom-linux-gnueabi-gcc -E  conftest.c
configure:15782: $? = 0
configure:15782: result: yes
configure:15782: checking for syslog.h
configure:15782: result: yes
configure:15793: checking for size_t
configure:15793: arm-angstrom-linux-gnueabi-gcc -c -g -O2  conftest.c >&5
configure:15793: $? = 0
configure:15793: arm-angstrom-linux-gnueabi-gcc -c -g -O2  conftest.c >&5
conftest.c: In function 'main':
conftest.c:115:21: error: expected expression before ')' token
configure:15793: $? = 1
configure: failed program was:
| /* confdefs.h */
| #define PACKAGE_NAME "bmminer"
| #define PACKAGE_TARNAME "bmminer"
| #define PACKAGE_VERSION "1.0.0"
| #define PACKAGE_STRING "bmminer 1.0.0"
| #define PACKAGE_BUGREPORT "support@bitmain.com"
| #define PACKAGE_URL ""
| #define PACKAGE "bmminer"
| #define VERSION "1.0.0"
| #define STDC_HEADERS 1
| #define HAVE_SYS_TYPES_H 1
| #define HAVE_SYS_STAT_H 1
| #define HAVE_STDLIB_H 1
| #define HAVE_STRING_H 1
| #define HAVE_MEMORY_H 1
| #define HAVE_STRINGS_H 1
| #define HAVE_INTTYPES_H 1
| #define HAVE_STDINT_H 1
| #define HAVE_UNISTD_H 1
| #define __EXTENSIONS__ 1
| #define _ALL_SOURCE 1
| #define _GNU_SOURCE 1
| #define _POSIX_PTHREAD_SEMANTICS 1
| #define _TANDEM_SOURCE 1
| #define CGMINER_MAJOR_VERSION 1
| #define CGMINER_MINOR_VERSION 0
| #define CGMINER_MINOR_SUBVERSION 0
| #define HAVE_DLFCN_H 1
| #define LT_OBJDIR ".libs/"
| #define HAVE_SYS_MMAN_H 1
| #define HAVE_WCHAR_H 1
| #define HAVE_STDINT_H 1
| #define HAVE_MPROTECT 1
| #define HAVE_SIGACTION 1
| #define HAVE_SIGALTSTACK 1
| #define HAVE_SIGINTERRUPT 1
| #define HAVE_MAP_ANONYMOUS 1
| #define HAVE_DECL_MEMMEM 1
| #define HAVE_MEMMEM 1
| #define restrict __restrict
| #define HAVE_WCHAR_T 1
| #define HAVE_UNSIGNED_LONG_LONG_INT 1
| #define HAVE_LONG_LONG_INT 1
| #define HAVE_RAW_DECL_MEMMEM 1
| #define HAVE_RAW_DECL_MEMPCPY 1
| #define HAVE_RAW_DECL_MEMRCHR 1
| #define HAVE_RAW_DECL_RAWMEMCHR 1
| #define HAVE_RAW_DECL_STPCPY 1
| #define HAVE_RAW_DECL_STPNCPY 1
| #define HAVE_RAW_DECL_STRCHRNUL 1
| #define HAVE_RAW_DECL_STRDUP 1
| #define HAVE_RAW_DECL_STRNCAT 1
| #define HAVE_RAW_DECL_STRNDUP 1
| #define HAVE_RAW_DECL_STRNLEN 1
| #define HAVE_RAW_DECL_STRPBRK 1
| #define HAVE_RAW_DECL_STRSEP 1
| #define HAVE_RAW_DECL_STRCASESTR 1
| #define HAVE_RAW_DECL_STRTOK_R 1
| #define HAVE_RAW_DECL_STRERROR_R 1
| #define HAVE_RAW_DECL_STRSIGNAL 1
| #define HAVE_RAW_DECL_STRVERSCMP 1
| #define GNULIB_TEST_MEMCHR 1
| #define HAVE_MEMMEM 1
| #define GNULIB_TEST_MEMMEM 1
| #define HAVE_STRUCT_SIGACTION_SA_SIGACTION 1
| #define GNULIB_TEST_SIGACTION 1
| #define HAVE_RAW_DECL_SIGACTION 1
| #define HAVE_RAW_DECL_SIGADDSET 1
| #define HAVE_RAW_DECL_SIGDELSET 1
| #define HAVE_RAW_DECL_SIGEMPTYSET 1
| #define HAVE_RAW_DECL_SIGFILLSET 1
| #define HAVE_RAW_DECL_SIGISMEMBER 1
| #define HAVE_RAW_DECL_SIGPENDING 1
| #define HAVE_RAW_DECL_SIGPROCMASK 1
| #define GNULIB_TEST_SIGPROCMASK 1
| #define STDC_HEADERS 1
| #define HAVE_SYSLOG_H 1
| /* end confdefs.h.  */
| #include <stdio.h>
| #ifdef HAVE_SYS_TYPES_H
| # include <sys/types.h>
| #endif
| #ifdef HAVE_SYS_STAT_H
| # include <sys/stat.h>
| #endif
| #ifdef STDC_HEADERS
| # include <stdlib.h>
| # include <stddef.h>
| #else
| # ifdef HAVE_STDLIB_H
| #  include <stdlib.h>
| # endif
| #endif
| #ifdef HAVE_STRING_H
| # if !defined STDC_HEADERS && defined HAVE_MEMORY_H
| #  include <memory.h>
| # endif
| # include <string.h>
| #endif
| #ifdef HAVE_STRINGS_H
| # include <strings.h>
| #endif
| #ifdef HAVE_INTTYPES_H
| # include <inttypes.h>
| #endif
| #ifdef HAVE_STDINT_H
| # include <stdint.h>
| #endif
| #ifdef HAVE_UNISTD_H
| # include <unistd.h>
| #endif
| int
| main ()
| {
| if (sizeof ((size_t)))
| 	    return 0;
|   ;
|   return 0;
| }
configure:15793: result: yes
configure:15806: checking for working alloca.h
configure:15823: arm-angstrom-linux-gnueabi-gcc -o conftest -g -O2   conftest.c  >&5
configure:15823: $? = 0
configure:15831: result: yes
configure:15839: checking for alloca
configure:15876: arm-angstrom-linux-gnueabi-gcc -o conftest -g -O2   conftest.c  >&5
configure:15876: $? = 0
configure:15884: result: yes
configure:16093: checking for pthread_create in -lpthread
configure:16118: arm-angstrom-linux-gnueabi-gcc -o conftest -g -O2   conftest.c -lpthread   >&5
configure:16118: $? = 0
configure:16127: result: yes
configure:16755: checking for library containing addstr
configure:16786: arm-angstrom-linux-gnueabi-gcc -o conftest -g -O2   conftest.c -lpthread  >&5
/tmp/ccgdvGxh.o: In function `main':
/home/shengxiao/shengxiao/work/cgminer-ltc/conftest.c:94: undefined reference to `addstr'
collect2: error: ld returned 1 exit status
configure:16786: $? = 1
configure: failed program was:
| /* confdefs.h */
| #define PACKAGE_NAME "bmminer"
| #define PACKAGE_TARNAME "bmminer"
| #define PACKAGE_VERSION "1.0.0"
| #define PACKAGE_STRING "bmminer 1.0.0"
| #define PACKAGE_BUGREPORT "support@bitmain.com"
| #define PACKAGE_URL ""
| #define PACKAGE "bmminer"
| #define VERSION "1.0.0"
| #define STDC_HEADERS 1
| #define HAVE_SYS_TYPES_H 1
| #define HAVE_SYS_STAT_H 1
| #define HAVE_STDLIB_H 1
| #define HAVE_STRING_H 1
| #define HAVE_MEMORY_H 1
| #define HAVE_STRINGS_H 1
| #define HAVE_INTTYPES_H 1
| #define HAVE_STDINT_H 1
| #define HAVE_UNISTD_H 1
| #define __EXTENSIONS__ 1
| #define _ALL_SOURCE 1
| #define _GNU_SOURCE 1
| #define _POSIX_PTHREAD_SEMANTICS 1
| #define _TANDEM_SOURCE 1
| #define CGMINER_MAJOR_VERSION 1
| #define CGMINER_MINOR_VERSION 0
| #define CGMINER_MINOR_SUBVERSION 0
| #define HAVE_DLFCN_H 1
| #define LT_OBJDIR ".libs/"
| #define HAVE_SYS_MMAN_H 1
| #define HAVE_WCHAR_H 1
| #define HAVE_STDINT_H 1
| #define HAVE_MPROTECT 1
| #define HAVE_SIGACTION 1
| #define HAVE_SIGALTSTACK 1
| #define HAVE_SIGINTERRUPT 1
| #define HAVE_MAP_ANONYMOUS 1
| #define HAVE_DECL_MEMMEM 1
| #define HAVE_MEMMEM 1
| #define restrict __restrict
| #define HAVE_WCHAR_T 1
| #define HAVE_UNSIGNED_LONG_LONG_INT 1
| #define HAVE_LONG_LONG_INT 1
| #define HAVE_RAW_DECL_MEMMEM 1
| #define HAVE_RAW_DECL_MEMPCPY 1
| #define HAVE_RAW_DECL_MEMRCHR 1
| #define HAVE_RAW_DECL_RAWMEMCHR 1
| #define HAVE_RAW_DECL_STPCPY 1
| #define HAVE_RAW_DECL_STPNCPY 1
| #define HAVE_RAW_DECL_STRCHRNUL 1
| #define HAVE_RAW_DECL_STRDUP 1
| #define HAVE_RAW_DECL_STRNCAT 1
| #define HAVE_RAW_DECL_STRNDUP 1
| #define HAVE_RAW_DECL_STRNLEN 1
| #define HAVE_RAW_DECL_STRPBRK 1
| #define HAVE_RAW_DECL_STRSEP 1
| #define HAVE_RAW_DECL_STRCASESTR 1
| #define HAVE_RAW_DECL_STRTOK_R 1
| #define HAVE_RAW_DECL_STRERROR_R 1
| #define HAVE_RAW_DECL_STRSIGNAL 1
| #define HAVE_RAW_DECL_STRVERSCMP 1
| #define GNULIB_TEST_MEMCHR 1
| #define HAVE_MEMMEM 1
| #define GNULIB_TEST_MEMMEM 1
| #define HAVE_STRUCT_SIGACTION_SA_SIGACTION 1
| #define GNULIB_TEST_SIGACTION 1
| #define HAVE_RAW_DECL_SIGACTION 1
| #define HAVE_RAW_DECL_SIGADDSET 1
| #define HAVE_RAW_DECL_SIGDELSET 1
| #define HAVE_RAW_DECL_SIGEMPTYSET 1
| #define HAVE_RAW_DECL_SIGFILLSET 1
| #define HAVE_RAW_DECL_SIGISMEMBER 1
| #define HAVE_RAW_DECL_SIGPENDING 1
| #define HAVE_RAW_DECL_SIGPROCMASK 1
| #define GNULIB_TEST_SIGPROCMASK 1
| #define STDC_HEADERS 1
| #define HAVE_SYSLOG_H 1
| #define HAVE_ALLOCA_H 1
| #define HAVE_ALLOCA 1
| #define HAVE_LIBPTHREAD 1
| #define USE_BITMAIN_L3 1
| /* end confdefs.h.  */
| 
| /* Override any GCC internal prototype to avoid an error.
|    Use char because int might match the return type of a GCC
|    builtin and then its argument prototype would still apply.  */
| #ifdef __cplusplus
| extern "C"
| #endif
| char addstr ();
| int
| main ()
| {
| return addstr ();
|   ;
|   return 0;
| }
configure:16786: arm-angstrom-linux-gnueabi-gcc -o conftest -g -O2   conftest.c -lncurses  -lpthread  >&5
configure:16786: $? = 0
configure:16803: result: -lncurses
configure:17176: checking for arm-angstrom-linux-gnueabi-pkg-config
configure:17209: result: no
configure:17219: checking for pkg-config
configure:17237: found /usr/bin/pkg-config
configure:17249: result: /usr/bin/pkg-config
configure:17274: checking pkg-config is at least version 0.9.0
configure:17277: result: yes
configure:17613: arm-angstrom-linux-gnueabi-gcc -c -g -O2  conftest.c >&5
conftest.c:85:26: fatal error: process.h: No such file or directory
compilation terminated.
configure:17613: $? = 1
configure: failed program was:
| /* confdefs.h */
| #define PACKAGE_NAME "bmminer"
| #define PACKAGE_TARNAME "bmminer"
| #define PACKAGE_VERSION "1.0.0"
| #define PACKAGE_STRING "bmminer 1.0.0"
| #define PACKAGE_BUGREPORT "support@bitmain.com"
| #define PACKAGE_URL ""
| #define PACKAGE "bmminer"
| #define VERSION "1.0.0"
| #define STDC_HEADERS 1
| #define HAVE_SYS_TYPES_H 1
| #define HAVE_SYS_STAT_H 1
| #define HAVE_STDLIB_H 1
| #define HAVE_STRING_H 1
| #define HAVE_MEMORY_H 1
| #define HAVE_STRINGS_H 1
| #define HAVE_INTTYPES_H 1
| #define HAVE_STDINT_H 1
| #define HAVE_UNISTD_H 1
| #define __EXTENSIONS__ 1
| #define _ALL_SOURCE 1
| #define _GNU_SOURCE 1
| #define _POSIX_PTHREAD_SEMANTICS 1
| #define _TANDEM_SOURCE 1
| #define CGMINER_MAJOR_VERSION 1
| #define CGMINER_MINOR_VERSION 0
| #define CGMINER_MINOR_SUBVERSION 0
| #define HAVE_DLFCN_H 1
| #define LT_OBJDIR ".libs/"
| #define HAVE_SYS_MMAN_H 1
| #define HAVE_WCHAR_H 1
| #define HAVE_STDINT_H 1
| #define HAVE_MPROTECT 1
| #define HAVE_SIGACTION 1
| #define HAVE_SIGALTSTACK 1
| #define HAVE_SIGINTERRUPT 1
| #define HAVE_MAP_ANONYMOUS 1
| #define HAVE_DECL_MEMMEM 1
| #define HAVE_MEMMEM 1
| #define restrict __restrict
| #define HAVE_WCHAR_T 1
| #define HAVE_UNSIGNED_LONG_LONG_INT 1
| #define HAVE_LONG_LONG_INT 1
| #define HAVE_RAW_DECL_MEMMEM 1
| #define HAVE_RAW_DECL_MEMPCPY 1
| #define HAVE_RAW_DECL_MEMRCHR 1
| #define HAVE_RAW_DECL_RAWMEMCHR 1
| #define HAVE_RAW_DECL_STPCPY 1
| #define HAVE_RAW_DECL_STPNCPY 1
| #define HAVE_RAW_DECL_STRCHRNUL 1
| #define HAVE_RAW_DECL_STRDUP 1
| #define HAVE_RAW_DECL_STRNCAT 1
| #define HAVE_RAW_DECL_STRNDUP 1
| #define HAVE_RAW_DECL_STRNLEN 1
| #define HAVE_RAW_DECL_STRPBRK 1
| #define HAVE_RAW_DECL_STRSEP 1
| #define HAVE_RAW_DECL_STRCASESTR 1
| #define HAVE_RAW_DECL_STRTOK_R 1
| #define HAVE_RAW_DECL_STRERROR_R 1
| #define HAVE_RAW_DECL_STRSIGNAL 1
| #define HAVE_RAW_DECL_STRVERSCMP 1
| #define GNULIB_TEST_MEMCHR 1
| #define HAVE_MEMMEM 1
| #define GNULIB_TEST_MEMMEM 1
| #define HAVE_STRUCT_SIGACTION_SA_SIGACTION 1
| #define GNULIB_TEST_SIGACTION 1
| #define HAVE_RAW_DECL_SIGACTION 1
| #define HAVE_RAW_DECL_SIGADDSET 1
| #define HAVE_RAW_DECL_SIGDELSET 1
| #define HAVE_RAW_DECL_SIGEMPTYSET 1
| #define HAVE_RAW_DECL_SIGFILLSET 1
| #define HAVE_RAW_DECL_SIGISMEMBER 1
| #define HAVE_RAW_DECL_SIGPENDING 1
| #define HAVE_RAW_DECL_SIGPROCMASK 1
| #define GNULIB_TEST_SIGPROCMASK 1
| #define STDC_HEADERS 1
| #define HAVE_SYSLOG_H 1
| #define HAVE_ALLOCA_H 1
| #define HAVE_ALLOCA 1
| #define HAVE_LIBPTHREAD 1
| #define USE_BITMAIN_L3 1
| #define HAVE_CURSES 1
| /* end confdefs.h.  */
| 
| 		   #include <process.h>
| 		   int execv(const char*, const char*const*);
| 
configure:17631: arm-angstrom-linux-gnueabi-gcc -c -g -O2  conftest.c >&5
configure:17631: $? = 0
configure:17641: arm-angstrom-linux-gnueabi-gcc -c -g -O2  conftest.c >&5
configure:17641: $? = 0
configure:17651: arm-angstrom-linux-gnueabi-gcc -c -g -O2  conftest.c >&5
conftest.c: In function 'cleanup':
conftest.c:87:55: warning: incompatible implicit declaration of built-in function 'exit' [enabled by default]
configure:17651: $? = 0
configure:17661: arm-angstrom-linux-gnueabi-gcc -c -g -O2  conftest.c >&5
configure:17661: $? = 0
configure:17671: arm-angstrom-linux-gnueabi-gcc -c -g -O2  conftest.c >&5
configure:17671: $? = 0
configure:17681: arm-angstrom-linux-gnueabi-gcc -c -g -O2  conftest.c >&5
configure:17681: $? = 0
configure:17691: arm-angstrom-linux-gnueabi-gcc -o conftest -g -O2   conftest.c -lncurses -lpthread  >&5
configure:17691: $? = 0
configure:17702: arm-angstrom-linux-gnueabi-gcc -o conftest -g -O2   conftest.c -lncurses -lpthread  >&5
configure:17702: $? = 0
configure:17713: arm-angstrom-linux-gnueabi-gcc -c -g -O2  conftest.c >&5
configure:17713: $? = 0
configure:17852: checking that generated files are newer than configure
configure:17858: result: done
configure:18061: creating ./config.status

## ---------------------- ##
## Running config.status. ##
## ---------------------- ##

This file was extended by bmminer config.status 1.0.0, which was
generated by GNU Autoconf 2.69.  Invocation command line was

  CONFIG_FILES    = 
  CONFIG_HEADERS  = 
  CONFIG_LINKS    = 
  CONFIG_COMMANDS = 
  $ ./config.status 

on MiWiFi-R1D-srv

config.status:1380: creating Makefile
config.status:1380: creating compat/Makefile
config.status:1380: creating ccan/Makefile
config.status:1380: creating lib/Makefile
config.status:1380: creating config.h
config.status:1609: executing depfiles commands
config.status:1609: executing libtool commands
configure:20354: === configuring in compat/jansson-2.6 (/home/shengxiao/shengxiao/work/cgminer-ltc/compat/jansson-2.6)
configure:20417: running /bin/sh ./configure --disable-option-checking '--prefix=/usr/local'  '--host=arm-angstrom-linux-gnueabi' '--build=i686-pc-linux-gnu' '--target=arm-angstrom-linux-gnueabi' 'CC=arm-angstrom-linux-gnueabi-gcc' '--enable-static' '--enable-bitmain-L3' '--disable-adl' '--disable-opencl' '--disable-libcurl' 'build_alias=i686-pc-linux-gnu' 'host_alias=arm-angstrom-linux-gnueabi' 'target_alias=arm-angstrom-linux-gnueabi' --cache-file=/dev/null --srcdir=.

## ---------------- ##
## Cache variables. ##
## ---------------- ##

ac_cv_build=i686-pc-linux-gnu
ac_cv_c_compiler_gnu=yes
ac_cv_c_inline=inline
ac_cv_c_restrict=__restrict
ac_cv_env_CC_set=set
ac_cv_env_CC_value=arm-angstrom-linux-gnueabi-gcc
ac_cv_env_CFLAGS_set=
ac_cv_env_CFLAGS_value=
ac_cv_env_CPPFLAGS_set=
ac_cv_env_CPPFLAGS_value=
ac_cv_env_CPP_set=
ac_cv_env_CPP_value=
ac_cv_env_LDFLAGS_set=
ac_cv_env_LDFLAGS_value=
ac_cv_env_LIBCURL_CFLAGS_set=
ac_cv_env_LIBCURL_CFLAGS_value=
ac_cv_env_LIBCURL_LIBS_set=
ac_cv_env_LIBCURL_LIBS_value=
ac_cv_env_LIBS_set=
ac_cv_env_LIBS_value=
ac_cv_env_LIBUSB_CFLAGS_set=
ac_cv_env_LIBUSB_CFLAGS_value=
ac_cv_env_LIBUSB_LIBS_set=
ac_cv_env_LIBUSB_LIBS_value=
ac_cv_env_PKG_CONFIG_LIBDIR_set=
ac_cv_env_PKG_CONFIG_LIBDIR_value=
ac_cv_env_PKG_CONFIG_PATH_set=
ac_cv_env_PKG_CONFIG_PATH_value=
ac_cv_env_PKG_CONFIG_set=
ac_cv_env_PKG_CONFIG_value=
ac_cv_env_build_alias_set=set
ac_cv_env_build_alias_value=i686-pc-linux-gnu
ac_cv_env_host_alias_set=set
ac_cv_env_host_alias_value=arm-angstrom-linux-gnueabi
ac_cv_env_target_alias_set=set
ac_cv_env_target_alias_value=arm-angstrom-linux-gnueabi
ac_cv_func_alloca_works=yes
ac_cv_func_memmem=yes
ac_cv_func_mmap=yes
ac_cv_func_mprotect=yes
ac_cv_func_sigaction=yes
ac_cv_func_sigaltstack=yes
ac_cv_func_siginterrupt=yes
ac_cv_func_sigprocmask=yes
ac_cv_have_decl_memmem=yes
ac_cv_have_decl_mempcpy=yes
ac_cv_have_decl_memrchr=yes
ac_cv_have_decl_rawmemchr=yes
ac_cv_have_decl_sigaction=yes
ac_cv_have_decl_sigaddset=yes
ac_cv_have_decl_sigdelset=yes
ac_cv_have_decl_sigemptyset=yes
ac_cv_have_decl_sigfillset=yes
ac_cv_have_decl_sigismember=yes
ac_cv_have_decl_sigpending=yes
ac_cv_have_decl_sigprocmask=yes
ac_cv_have_decl_stpcpy=yes
ac_cv_have_decl_stpncpy=yes
ac_cv_have_decl_strcasestr=yes
ac_cv_have_decl_strchrnul=yes
ac_cv_have_decl_strdup=yes
ac_cv_have_decl_strerror_r=yes
ac_cv_have_decl_strncat=yes
ac_cv_have_decl_strndup=yes
ac_cv_have_decl_strnlen=yes
ac_cv_have_decl_strpbrk=yes
ac_cv_have_decl_strsep=yes
ac_cv_have_decl_strsignal=yes
ac_cv_have_decl_strtok_r=yes
ac_cv_have_decl_strverscmp=yes
ac_cv_header_bp_sym_h=no
ac_cv_header_dlfcn_h=yes
ac_cv_header_inttypes_h=yes
ac_cv_header_memory_h=yes
ac_cv_header_minix_config_h=no
ac_cv_header_stdc=yes
ac_cv_header_stdint_h=yes
ac_cv_header_stdlib_h=yes
ac_cv_header_string_h=yes
ac_cv_header_strings_h=yes
ac_cv_header_sys_mman_h=yes
ac_cv_header_sys_stat_h=yes
ac_cv_header_sys_types_h=yes
ac_cv_header_syslog_h=yes
ac_cv_header_unistd_h=yes
ac_cv_header_wchar_h=yes
ac_cv_host=arm-angstrom-linux-gnueabi
ac_cv_lib_pthread_pthread_create=yes
ac_cv_member_struct_sigaction_sa_sigaction=yes
ac_cv_objext=o
ac_cv_path_EGREP='/bin/grep -E'
ac_cv_path_FGREP='/bin/grep -F'
ac_cv_path_GREP=/bin/grep
ac_cv_path_SED=/bin/sed
ac_cv_path_ac_pt_PKG_CONFIG=/usr/bin/pkg-config
ac_cv_path_install='/usr/bin/install -c'
ac_cv_path_mkdir=/bin/mkdir
ac_cv_prog_AR=arm-angstrom-linux-gnueabi-ar
ac_cv_prog_AWK=gawk
ac_cv_prog_CC=arm-angstrom-linux-gnueabi-gcc
ac_cv_prog_CPP='arm-angstrom-linux-gnueabi-gcc -E'
ac_cv_prog_OBJDUMP=arm-angstrom-linux-gnueabi-objdump
ac_cv_prog_RANLIB=arm-angstrom-linux-gnueabi-ranlib
ac_cv_prog_STRIP=arm-angstrom-linux-gnueabi-strip
ac_cv_prog_ac_ct_MANIFEST_TOOL=mt
ac_cv_prog_cc_c89=
ac_cv_prog_cc_g=yes
ac_cv_prog_gcc_traditional=no
ac_cv_prog_make_make_set=yes
ac_cv_safe_to_define___extensions__=yes
ac_cv_search_addstr=-lncurses
ac_cv_target=arm-angstrom-linux-gnueabi
ac_cv_type_long_long_int=yes
ac_cv_type_sighandler_t=yes
ac_cv_type_size_t=yes
ac_cv_type_uid_t=yes
ac_cv_type_unsigned_long_long_int=yes
ac_cv_type_volatile_sig_atomic_t=yes
ac_cv_working_alloca_h=yes
am_cv_CC_dependencies_compiler_type=gcc3
am_cv_make_support_nested_variables=yes
am_cv_prog_cc_c_o=yes
gl_cv_c_multiarch=no
gl_cv_decl_null_works=yes
gl_cv_func_memchr_works='guessing no'
gl_cv_func_memmem_works_always=yes
gl_cv_func_memmem_works_fast=yes
gl_cv_func_sigprocmask=1
gl_cv_have_include_next=yes
gl_cv_have_raw_decl_memmem=yes
gl_cv_have_raw_decl_mempcpy=yes
gl_cv_have_raw_decl_memrchr=yes
gl_cv_have_raw_decl_rawmemchr=yes
gl_cv_have_raw_decl_sigaction=yes
gl_cv_have_raw_decl_sigaddset=yes
gl_cv_have_raw_decl_sigdelset=yes
gl_cv_have_raw_decl_sigemptyset=yes
gl_cv_have_raw_decl_sigfillset=yes
gl_cv_have_raw_decl_sigismember=yes
gl_cv_have_raw_decl_sigpending=yes
gl_cv_have_raw_decl_sigprocmask=yes
gl_cv_have_raw_decl_stpcpy=yes
gl_cv_have_raw_decl_stpncpy=yes
gl_cv_have_raw_decl_strcasestr=yes
gl_cv_have_raw_decl_strchrnul=yes
gl_cv_have_raw_decl_strdup=yes
gl_cv_have_raw_decl_strerror_r=yes
gl_cv_have_raw_decl_strncat=yes
gl_cv_have_raw_decl_strndup=yes
gl_cv_have_raw_decl_strnlen=yes
gl_cv_have_raw_decl_strpbrk=yes
gl_cv_have_raw_decl_strsep=yes
gl_cv_have_raw_decl_strsignal=yes
gl_cv_have_raw_decl_strtok_r=yes
gl_cv_have_raw_decl_strverscmp=yes
gl_cv_header_working_stdint_h=yes
gl_cv_next_signal_h='<signal.h>'
gl_cv_next_stdint_h='<stdint.h>'
gl_cv_next_string_h='<string.h>'
gl_cv_pragma_columns=no
gt_cv_c_wchar_t=yes
lt_cv_ar_at_file=@
lt_cv_deplibs_check_method=pass_all
lt_cv_file_magic_cmd='$MAGIC_CMD'
lt_cv_file_magic_test_file=
lt_cv_ld_reload_flag=-r
lt_cv_nm_interface='BSD nm'
lt_cv_objdir=.libs
lt_cv_path_LD=/home/shengxiao/shengxiao/bitmain/antminer_firmware/build/tmp-angstrom_v2013_06-eglibc/sysroots/i686-linux/usr/libexec/armv7ahf-vfp-neon-angstrom-linux-gnueabi/gcc/arm-angstrom-linux-gnueabi/4.7.4/ld
lt_cv_path_NM='/home/shengxiao/shengxiao/bitmain/antminer_firmware/build/tmp-angstrom_v2013_06-eglibc/sysroots/i686-linux/usr/bin/armv7ahf-vfp-neon-angstrom-linux-gnueabi/arm-angstrom-linux-gnueabi-nm -B'
lt_cv_path_mainfest_tool=no
lt_cv_prog_compiler_c_o=yes
lt_cv_prog_compiler_pic='-fPIC -DPIC'
lt_cv_prog_compiler_pic_works=yes
lt_cv_prog_compiler_rtti_exceptions=no
lt_cv_prog_compiler_static_works=yes
lt_cv_prog_gnu_ld=yes
lt_cv_sharedlib_from_linklib_cmd='printf %s\n'
lt_cv_shlibpath_overrides_runpath=no
lt_cv_sys_global_symbol_pipe='sed -n -e '\''s/^.*[	 ]\([ABCDGIRSTW][ABCDGIRSTW]*\)[	 ][	 ]*\([_A-Za-z][_A-Za-z0-9]*\)$/\1 \2 \2/p'\'' | sed '\''/ __gnu_lto/d'\'''
lt_cv_sys_global_symbol_to_c_name_address='sed -n -e '\''s/^: \([^ ]*\)[ ]*$/  {\"\1\", (void *) 0},/p'\'' -e '\''s/^[ABCDGIRSTW]* \([^ ]*\) \([^ ]*\)$/  {"\2", (void *) \&\2},/p'\'''
lt_cv_sys_global_symbol_to_c_name_address_lib_prefix='sed -n -e '\''s/^: \([^ ]*\)[ ]*$/  {\"\1\", (void *) 0},/p'\'' -e '\''s/^[ABCDGIRSTW]* \([^ ]*\) \(lib[^ ]*\)$/  {"\2", (void *) \&\2},/p'\'' -e '\''s/^[ABCDGIRSTW]* \([^ ]*\) \([^ ]*\)$/  {"lib\2", (void *) \&\2},/p'\'''
lt_cv_sys_global_symbol_to_cdecl='sed -n -e '\''s/^T .* \(.*\)$/extern int \1();/p'\'' -e '\''s/^[ABCDGIRSTW]* .* \(.*\)$/extern char \1;/p'\'''
lt_cv_sys_max_cmd_len=1572864
lt_cv_to_host_file_cmd=func_convert_file_noop
lt_cv_to_tool_file_cmd=func_convert_file_noop

## ----------------- ##
## Output variables. ##
## ----------------- ##

ACLOCAL='${SHELL} /home/shengxiao/shengxiao/work/cgminer-ltc/missing aclocal-1.14'
ALLOCA=''
AMDEPBACKSLASH='\'
AMDEP_FALSE='#'
AMDEP_TRUE=''
AMTAR='$${TAR-tar}'
AM_BACKSLASH='\'
AM_DEFAULT_V='$(AM_DEFAULT_VERBOSITY)'
AM_DEFAULT_VERBOSITY='0'
AM_V='$(V)'
APPLE_UNIVERSAL_BUILD='0'
AR='arm-angstrom-linux-gnueabi-ar'
AUTOCONF='${SHELL} /home/shengxiao/shengxiao/work/cgminer-ltc/missing autoconf'
AUTOHEADER='${SHELL} /home/shengxiao/shengxiao/work/cgminer-ltc/missing autoheader'
AUTOMAKE='${SHELL} /home/shengxiao/shengxiao/work/cgminer-ltc/missing automake-1.14'
AWK='gawk'
BITSIZEOF_PTRDIFF_T=''
BITSIZEOF_SIG_ATOMIC_T=''
BITSIZEOF_SIZE_T=''
BITSIZEOF_WCHAR_T=''
BITSIZEOF_WINT_T=''
CC='arm-angstrom-linux-gnueabi-gcc'
CCDEPMODE='depmode=gcc3'
CFLAGS='-g -O2'
CPP='arm-angstrom-linux-gnueabi-gcc -E'
CPPFLAGS=''
CYGPATH_W='echo'
DEFS='-DHAVE_CONFIG_H'
DEPDIR='.deps'
DLLTOOL='false'
DLOPEN_FLAGS='-ldl'
DSYMUTIL=''
DUMPBIN=''
ECHO_C=''
ECHO_N='-n'
ECHO_T=''
EGREP='/bin/grep -E'
EXEEXT=''
FGREP='/bin/grep -F'
GL_COND_LIBTOOL_FALSE=''
GL_COND_LIBTOOL_TRUE='#'
GL_GENERATE_STDDEF_H_FALSE=''
GL_GENERATE_STDDEF_H_TRUE='#'
GL_GENERATE_STDINT_H_FALSE=''
GL_GENERATE_STDINT_H_TRUE='#'
GNULIB_MBSCASECMP='0'
GNULIB_MBSCASESTR='0'
GNULIB_MBSCHR='0'
GNULIB_MBSCSPN='0'
GNULIB_MBSLEN='0'
GNULIB_MBSNCASECMP='0'
GNULIB_MBSNLEN='0'
GNULIB_MBSPBRK='0'
GNULIB_MBSPCASECMP='0'
GNULIB_MBSRCHR='0'
GNULIB_MBSSEP='0'
GNULIB_MBSSPN='0'
GNULIB_MBSSTR='0'
GNULIB_MBSTOK_R='0'
GNULIB_MEMCHR='1'
GNULIB_MEMMEM='1'
GNULIB_MEMPCPY='0'
GNULIB_MEMRCHR='0'
GNULIB_RAWMEMCHR='0'
GNULIB_SIGACTION='1'
GNULIB_SIGNAL_H_SIGPIPE='0'
GNULIB_SIGPROCMASK='1'
GNULIB_STPCPY='0'
GNULIB_STPNCPY='0'
GNULIB_STRCASESTR='0'
GNULIB_STRCHRNUL='0'
GNULIB_STRDUP='0'
GNULIB_STRERROR='0'
GNULIB_STRERROR_R='0'
GNULIB_STRNCAT='0'
GNULIB_STRNDUP='0'
GNULIB_STRNLEN='0'
GNULIB_STRPBRK='0'
GNULIB_STRSEP='0'
GNULIB_STRSIGNAL='0'
GNULIB_STRSTR='0'
GNULIB_STRTOK_R='0'
GNULIB_STRVERSCMP='0'
GREP='/bin/grep'
HAS_AVALON2_FALSE=''
HAS_AVALON2_TRUE='#'
HAS_AVALON4_FALSE=''
HAS_AVALON4_TRUE='#'
HAS_AVALON_FALSE=''
HAS_AVALON_TRUE='#'
HAS_BAB_FALSE=''
HAS_BAB_TRUE='#'
HAS_BFLSC_FALSE=''
HAS_BFLSC_TRUE='#'
HAS_BITFORCE_FALSE=''
HAS_BITFORCE_TRUE='#'
HAS_BITFURY_FALSE=''
HAS_BITFURY_TRUE='#'
HAS_BITMAIN_C5_FALSE=''
HAS_BITMAIN_C5_TRUE='#'
HAS_BITMAIN_FALSE=''
HAS_BITMAIN_L3_FALSE='#'
HAS_BITMAIN_L3_TRUE=''
HAS_BITMAIN_TRUE='#'
HAS_BITMINE_A1_FALSE=''
HAS_BITMINE_A1_TRUE='#'
HAS_BLOCKERUPTER_FALSE=''
HAS_BLOCKERUPTER_TRUE='#'
HAS_BMSC_FALSE=''
HAS_BMSC_TRUE='#'
HAS_COINTERRA_FALSE=''
HAS_COINTERRA_TRUE='#'
HAS_DRILLBIT_FALSE=''
HAS_DRILLBIT_TRUE='#'
HAS_HASHFAST_FALSE=''
HAS_HASHFAST_TRUE='#'
HAS_HASHRATIO_FALSE=''
HAS_HASHRATIO_TRUE='#'
HAS_ICARUS_FALSE=''
HAS_ICARUS_TRUE='#'
HAS_KLONDIKE_FALSE=''
HAS_KLONDIKE_TRUE='#'
HAS_KNC_FALSE=''
HAS_KNC_TRUE='#'
HAS_MINION_FALSE=''
HAS_MINION_TRUE='#'
HAS_MODMINER_FALSE=''
HAS_MODMINER_TRUE='#'
HAS_SP10_FALSE=''
HAS_SP10_TRUE='#'
HAS_SP30_FALSE=''
HAS_SP30_TRUE='#'
HAVE_CURSES_FALSE='#'
HAVE_CURSES_TRUE=''
HAVE_DECL_MEMMEM='1'
HAVE_DECL_MEMRCHR='1'
HAVE_DECL_STRDUP='1'
HAVE_DECL_STRERROR_R='1'
HAVE_DECL_STRNDUP='1'
HAVE_DECL_STRNLEN='1'
HAVE_DECL_STRSIGNAL='1'
HAVE_DECL_STRTOK_R='1'
HAVE_INTTYPES_H='1'
HAVE_LONG_LONG_INT='1'
HAVE_MBSLEN='0'
HAVE_MEMCHR='1'
HAVE_MEMPCPY='1'
HAVE_POSIX_SIGNALBLOCKING='1'
HAVE_RAWMEMCHR='1'
HAVE_SIGACTION='1'
HAVE_SIGHANDLER_T='1'
HAVE_SIGINFO_T='1'
HAVE_SIGNED_SIG_ATOMIC_T=''
HAVE_SIGNED_WCHAR_T=''
HAVE_SIGNED_WINT_T=''
HAVE_SIGSET_T='1'
HAVE_STDINT_H='1'
HAVE_STPCPY='1'
HAVE_STPNCPY='1'
HAVE_STRCASESTR='1'
HAVE_STRCHRNUL='1'
HAVE_STRPBRK='1'
HAVE_STRSEP='1'
HAVE_STRUCT_SIGACTION_SA_SIGACTION='1'
HAVE_STRVERSCMP='1'
HAVE_SYS_BITYPES_H=''
HAVE_SYS_INTTYPES_H=''
HAVE_SYS_TYPES_H='1'
HAVE_TYPE_VOLATILE_SIG_ATOMIC_T='1'
HAVE_UNSIGNED_LONG_LONG_INT='1'
HAVE_WCHAR_H='1'
HAVE_WCHAR_T='1'
HAVE_WINDOWS_FALSE=''
HAVE_WINDOWS_TRUE='#'
HAVE_x86_64_FALSE=''
HAVE_x86_64_TRUE='#'
INCLUDE_NEXT='include_next'
INCLUDE_NEXT_AS_FIRST_DIRECTIVE='include_next'
INSTALL_DATA='${INSTALL} -m 644'
INSTALL_PROGRAM='${INSTALL}'
INSTALL_SCRIPT='${INSTALL}'
INSTALL_STRIP_PROGRAM='$(install_sh) -c -s'
JANSSON_LIBS='compat/jansson-2.6/src/.libs/libjansson.a'
LD='/home/shengxiao/shengxiao/bitmain/antminer_firmware/build/tmp-angstrom_v2013_06-eglibc/sysroots/i686-linux/usr/libexec/armv7ahf-vfp-neon-angstrom-linux-gnueabi/gcc/arm-angstrom-linux-gnueabi/4.7.4/ld'
LDFLAGS=''
LIBCURL_CFLAGS=''
LIBCURL_LIBS=''
LIBGNU_LIBDEPS=''
LIBGNU_LTLIBDEPS=''
LIBOBJS=''
LIBS='-lncurses -lpthread '
LIBTOOL='$(SHELL) $(top_builddir)/libtool'
LIBUSB_CFLAGS=''
LIBUSB_LIBS=''
LIPO=''
LN_S='ln -s'
LTLIBOBJS=''
MAINT='#'
MAINTAINER_MODE_FALSE=''
MAINTAINER_MODE_TRUE='#'
MAKEINFO='${SHELL} /home/shengxiao/shengxiao/work/cgminer-ltc/missing makeinfo'
MANIFEST_TOOL=':'
MATH_LIBS='-lm'
MKDIR_P='/bin/mkdir -p'
MM_LIBS=''
NCURSES_LIBS=''
NEED_FPGAUTILS_FALSE=''
NEED_FPGAUTILS_TRUE='#'
NEXT_AS_FIRST_DIRECTIVE_SIGNAL_H='<signal.h>'
NEXT_AS_FIRST_DIRECTIVE_STDDEF_H=''
NEXT_AS_FIRST_DIRECTIVE_STDINT_H='<stdint.h>'
NEXT_AS_FIRST_DIRECTIVE_STRING_H='<string.h>'
NEXT_SIGNAL_H='<signal.h>'
NEXT_STDDEF_H=''
NEXT_STDINT_H='<stdint.h>'
NEXT_STRING_H='<string.h>'
NM='/home/shengxiao/shengxiao/bitmain/antminer_firmware/build/tmp-angstrom_v2013_06-eglibc/sysroots/i686-linux/usr/bin/armv7ahf-vfp-neon-angstrom-linux-gnueabi/arm-angstrom-linux-gnueabi-nm -B'
NMEDIT=''
OBJDUMP='arm-angstrom-linux-gnueabi-objdump'
OBJEXT='o'
OTOOL64=''
OTOOL=''
PACKAGE='bmminer'
PACKAGE_BUGREPORT='support@bitmain.com'
PACKAGE_NAME='bmminer'
PACKAGE_STRING='bmminer 1.0.0'
PACKAGE_TARNAME='bmminer'
PACKAGE_URL=''
PACKAGE_VERSION='1.0.0'
PATH_SEPARATOR=':'
PDCURSES_LIBS=''
PKG_CONFIG='/usr/bin/pkg-config'
PKG_CONFIG_LIBDIR=''
PKG_CONFIG_PATH=''
PRAGMA_COLUMNS=''
PRAGMA_SYSTEM_HEADER='#pragma GCC system_header'
PTHREAD_FLAGS='-lpthread'
PTHREAD_LIBS='-lpthread'
PTRDIFF_T_SUFFIX=''
RANLIB='arm-angstrom-linux-gnueabi-ranlib'
REPLACE_MEMCHR='1'
REPLACE_MEMMEM='0'
REPLACE_NULL='0'
REPLACE_STPNCPY='0'
REPLACE_STRCASESTR='0'
REPLACE_STRCHRNUL='0'
REPLACE_STRDUP='0'
REPLACE_STRERROR='0'
REPLACE_STRERROR_R='0'
REPLACE_STRNCAT='0'
REPLACE_STRNDUP='0'
REPLACE_STRNLEN='0'
REPLACE_STRSIGNAL='0'
REPLACE_STRSTR='0'
REPLACE_STRTOK_R='0'
RT_LIBS='-lrt'
SED='/bin/sed'
SET_MAKE=''
SHELL='/bin/sh'
SIG_ATOMIC_T_SUFFIX=''
SIZE_T_SUFFIX=''
STDDEF_H=''
STDINT_H=''
STRIP='arm-angstrom-linux-gnueabi-strip'
UNDEFINE_STRTOK_R='0'
VERSION='1.0.0'
VMAJ='1'
WANT_CRC16_FALSE='#'
WANT_CRC16_TRUE=''
WANT_LIBBITFURY_FALSE=''
WANT_LIBBITFURY_TRUE='#'
WANT_STATIC_LIBUSB_FALSE=''
WANT_STATIC_LIBUSB_TRUE='#'
WANT_USBUTILS_FALSE=''
WANT_USBUTILS_TRUE='#'
WCHAR_T_SUFFIX=''
WINT_T_SUFFIX=''
WS2_LIBS=''
ac_ct_AR=''
ac_ct_CC=''
ac_ct_DUMPBIN=''
am__EXEEXT_FALSE=''
am__EXEEXT_TRUE='#'
am__fastdepCC_FALSE='#'
am__fastdepCC_TRUE=''
am__include='include'
am__isrc=''
am__leading_dot='.'
am__nodep='_no'
am__quote=''
am__tar='$${TAR-tar} chof - "$$tardir"'
am__untar='$${TAR-tar} xf -'
bindir='${exec_prefix}/bin'
build='i686-pc-linux-gnu'
build_alias='i686-pc-linux-gnu'
build_cpu='i686'
build_os='linux-gnu'
build_vendor='pc'
datadir='${datarootdir}'
datarootdir='${prefix}/share'
docdir='${datarootdir}/doc/${PACKAGE_TARNAME}'
dvidir='${docdir}'
exec_prefix='${prefix}'
gl_LIBOBJS=' memchr.o'
gl_LTLIBOBJS=' memchr.lo'
gltests_LIBOBJS=''
gltests_LTLIBOBJS=''
gltests_WITNESS='IN_BMMINER_GNULIB_TESTS'
host='arm-angstrom-linux-gnueabi'
host_alias='arm-angstrom-linux-gnueabi'
host_cpu='arm'
host_os='linux-gnueabi'
host_vendor='angstrom'
htmldir='${docdir}'
includedir='${prefix}/include'
infodir='${datarootdir}/info'
install_sh='${SHELL} /home/shengxiao/shengxiao/work/cgminer-ltc/install-sh'
libdir='${exec_prefix}/lib'
libexecdir='${exec_prefix}/libexec'
localedir='${datarootdir}/locale'
localstatedir='${prefix}/var'
mandir='${datarootdir}/man'
mkdir_p='$(MKDIR_P)'
oldincludedir='/usr/include'
pdfdir='${docdir}'
prefix='/usr/local'
program_transform_name='s&^&arm-angstrom-linux-gnueabi-&'
psdir='${docdir}'
release_info=''
sbindir='${exec_prefix}/sbin'
sharedstatedir='${prefix}/com'
subdirs=' compat/jansson-2.6'
sysconfdir='${prefix}/etc'
target='arm-angstrom-linux-gnueabi'
target_alias='arm-angstrom-linux-gnueabi'
target_cpu='arm'
target_os='linux-gnueabi'
target_vendor='angstrom'
version_info='1:0:0'

## ----------- ##
## confdefs.h. ##
## ----------- ##

/* confdefs.h */
#define PACKAGE_NAME "bmminer"
#define PACKAGE_TARNAME "bmminer"
#define PACKAGE_VERSION "1.0.0"
#define PACKAGE_STRING "bmminer 1.0.0"
#define PACKAGE_BUGREPORT "support@bitmain.com"
#define PACKAGE_URL ""
#define PACKAGE "bmminer"
#define VERSION "1.0.0"
#define STDC_HEADERS 1
#define HAVE_SYS_TYPES_H 1
#define HAVE_SYS_STAT_H 1
#define HAVE_STDLIB_H 1
#define HAVE_STRING_H 1
#define HAVE_MEMORY_H 1
#define HAVE_STRINGS_H 1
#define HAVE_INTTYPES_H 1
#define HAVE_STDINT_H 1
#define HAVE_UNISTD_H 1
#define __EXTENSIONS__ 1
#define _ALL_SOURCE 1
#define _GNU_SOURCE 1
#define _POSIX_PTHREAD_SEMANTICS 1
#define _TANDEM_SOURCE 1
#define CGMINER_MAJOR_VERSION 1
#define CGMINER_MINOR_VERSION 0
#define CGMINER_MINOR_SUBVERSION 0
#define HAVE_DLFCN_H 1
#define LT_OBJDIR ".libs/"
#define HAVE_SYS_MMAN_H 1
#define HAVE_WCHAR_H 1
#define HAVE_STDINT_H 1
#define HAVE_MPROTECT 1
#define HAVE_SIGACTION 1
#define HAVE_SIGALTSTACK 1
#define HAVE_SIGINTERRUPT 1
#define HAVE_MAP_ANONYMOUS 1
#define HAVE_DECL_MEMMEM 1
#define HAVE_MEMMEM 1
#define restrict __restrict
#define HAVE_WCHAR_T 1
#define HAVE_UNSIGNED_LONG_LONG_INT 1
#define HAVE_LONG_LONG_INT 1
#define HAVE_RAW_DECL_MEMMEM 1
#define HAVE_RAW_DECL_MEMPCPY 1
#define HAVE_RAW_DECL_MEMRCHR 1
#define HAVE_RAW_DECL_RAWMEMCHR 1
#define HAVE_RAW_DECL_STPCPY 1
#define HAVE_RAW_DECL_STPNCPY 1
#define HAVE_RAW_DECL_STRCHRNUL 1
#define HAVE_RAW_DECL_STRDUP 1
#define HAVE_RAW_DECL_STRNCAT 1
#define HAVE_RAW_DECL_STRNDUP 1
#define HAVE_RAW_DECL_STRNLEN 1
#define HAVE_RAW_DECL_STRPBRK 1
#define HAVE_RAW_DECL_STRSEP 1
#define HAVE_RAW_DECL_STRCASESTR 1
#define HAVE_RAW_DECL_STRTOK_R 1
#define HAVE_RAW_DECL_STRERROR_R 1
#define HAVE_RAW_DECL_STRSIGNAL 1
#define HAVE_RAW_DECL_STRVERSCMP 1
#define GNULIB_TEST_MEMCHR 1
#define HAVE_MEMMEM 1
#define GNULIB_TEST_MEMMEM 1
#define HAVE_STRUCT_SIGACTION_SA_SIGACTION 1
#define GNULIB_TEST_SIGACTION 1
#define HAVE_RAW_DECL_SIGACTION 1
#define HAVE_RAW_DECL_SIGADDSET 1
#define HAVE_RAW_DECL_SIGDELSET 1
#define HAVE_RAW_DECL_SIGEMPTYSET 1
#define HAVE_RAW_DECL_SIGFILLSET 1
#define HAVE_RAW_DECL_SIGISMEMBER 1
#define HAVE_RAW_DECL_SIGPENDING 1
#define HAVE_RAW_DECL_SIGPROCMASK 1
#define GNULIB_TEST_SIGPROCMASK 1
#define STDC_HEADERS 1
#define HAVE_SYSLOG_H 1
#define HAVE_ALLOCA_H 1
#define HAVE_ALLOCA 1
#define HAVE_LIBPTHREAD 1
#define USE_BITMAIN_L3 1
#define HAVE_CURSES 1
#define EXECV_2ND_ARG_TYPE char* const*
#define HAVE_ATTRIBUTE_COLD 1
#define HAVE_ATTRIBUTE_CONST 1
#define HAVE_ATTRIBUTE_NORETURN 1
#define HAVE_ATTRIBUTE_PRINTF 1
#define HAVE_ATTRIBUTE_UNUSED 1
#define HAVE_ATTRIBUTE_USED 1
#define HAVE_BUILTIN_CONSTANT_P 1
#define HAVE_BUILTIN_TYPES_COMPATIBLE_P 1
#define HAVE_WARN_UNUSED_RESULT 1
#define CGMINER_PREFIX "/usr/local/bin"

configure: exit 0
